TN:
SF:src\App.tsx
FN:26,AppContent
FN:31,(anonymous_2)
FN:36,(anonymous_3)
FN:49,(anonymous_4)
FN:56,(anonymous_5)
FN:60,(anonymous_6)
FN:67,(anonymous_7)
FN:69,(anonymous_8)
FN:96,(anonymous_9)
FN:102,(anonymous_10)
FN:104,(anonymous_11)
FN:109,(anonymous_12)
FN:117,(anonymous_13)
FN:236,App
FNF:14
FNH:0
FNDA:0,AppContent
FNDA:0,(anonymous_2)
FNDA:0,(anonymous_3)
FNDA:0,(anonymous_4)
FNDA:0,(anonymous_5)
FNDA:0,(anonymous_6)
FNDA:0,(anonymous_7)
FNDA:0,(anonymous_8)
FNDA:0,(anonymous_9)
FNDA:0,(anonymous_10)
FNDA:0,(anonymous_11)
FNDA:0,(anonymous_12)
FNDA:0,(anonymous_13)
FNDA:0,App
DA:1,0
DA:2,0
DA:3,0
DA:4,0
DA:5,0
DA:6,0
DA:9,0
DA:10,0
DA:11,0
DA:12,0
DA:13,0
DA:14,0
DA:15,0
DA:16,0
DA:17,0
DA:18,0
DA:19,0
DA:20,0
DA:21,0
DA:22,0
DA:23,0
DA:27,0
DA:28,0
DA:31,0
DA:33,0
DA:36,0
DA:37,0
DA:40,0
DA:41,0
DA:44,0
DA:48,0
DA:49,0
DA:50,0
DA:56,0
DA:57,0
DA:60,0
DA:61,0
DA:62,0
DA:67,0
DA:69,0
DA:70,0
DA:72,0
DA:73,0
DA:75,0
DA:76,0
DA:78,0
DA:79,0
DA:81,0
DA:82,0
DA:84,0
DA:85,0
DA:87,0
DA:88,0
DA:90,0
DA:94,0
DA:96,0
DA:97,0
DA:102,0
DA:104,0
DA:105,0
DA:109,0
DA:110,0
DA:114,0
DA:115,0
DA:117,0
DA:118,0
DA:119,0
DA:123,0
DA:124,0
DA:134,0
DA:237,0
DA:244,0
LF:72
LH:0
BRDA:40,0,0,0
BRDA:40,0,1,0
BRDA:40,1,0,0
BRDA:40,1,1,0
BRDA:41,2,0,0
BRDA:41,2,1,0
BRDA:48,3,0,0
BRDA:48,3,1,0
BRDA:70,4,0,0
BRDA:70,4,1,0
BRDA:70,4,2,0
BRDA:70,4,3,0
BRDA:70,4,4,0
BRDA:70,4,5,0
BRDA:70,4,6,0
BRDA:123,5,0,0
BRDA:123,5,1,0
BRF:17
BRH:0
end_of_record
TN:
SF:src\components\HierarchicalInventoryView.tsx
FN:74,(anonymous_0)
FN:79,HierarchicalInventoryView
FN:100,(anonymous_2)
FN:114,(anonymous_3)
FN:132,(anonymous_4)
FN:140,(anonymous_5)
FN:169,(anonymous_6)
FN:173,(anonymous_7)
FN:175,(anonymous_8)
FN:184,(anonymous_9)
FN:189,(anonymous_10)
FN:192,(anonymous_11)
FN:196,(anonymous_12)
FN:208,(anonymous_13)
FN:214,(anonymous_14)
FN:224,(anonymous_15)
FN:235,(anonymous_16)
FN:306,(anonymous_17)
FN:316,(anonymous_18)
FN:372,(anonymous_19)
FN:384,(anonymous_20)
FN:420,(anonymous_21)
FN:438,(anonymous_22)
FN:500,(anonymous_23)
FN:506,(anonymous_24)
FNF:25
FNH:0
FNDA:0,(anonymous_0)
FNDA:0,HierarchicalInventoryView
FNDA:0,(anonymous_2)
FNDA:0,(anonymous_3)
FNDA:0,(anonymous_4)
FNDA:0,(anonymous_5)
FNDA:0,(anonymous_6)
FNDA:0,(anonymous_7)
FNDA:0,(anonymous_8)
FNDA:0,(anonymous_9)
FNDA:0,(anonymous_10)
FNDA:0,(anonymous_11)
FNDA:0,(anonymous_12)
FNDA:0,(anonymous_13)
FNDA:0,(anonymous_14)
FNDA:0,(anonymous_15)
FNDA:0,(anonymous_16)
FNDA:0,(anonymous_17)
FNDA:0,(anonymous_18)
FNDA:0,(anonymous_19)
FNDA:0,(anonymous_20)
FNDA:0,(anonymous_21)
FNDA:0,(anonymous_22)
FNDA:0,(anonymous_23)
FNDA:0,(anonymous_24)
DA:1,0
DA:2,0
DA:3,0
DA:4,0
DA:74,0
DA:75,0
DA:76,0
DA:79,0
DA:92,0
DA:93,0
DA:94,0
DA:95,0
DA:96,0
DA:97,0
DA:100,0
DA:102,0
DA:103,0
DA:104,0
DA:109,0
DA:110,0
DA:114,0
DA:116,0
DA:117,0
DA:119,0
DA:120,0
DA:124,0
DA:125,0
DA:127,0
DA:128,0
DA:132,0
DA:134,0
DA:135,0
DA:139,0
DA:140,0
DA:141,0
DA:143,0
DA:144,0
DA:148,0
DA:152,0
DA:153,0
DA:157,0
DA:158,0
DA:162,0
DA:163,0
DA:167,0
DA:168,0
DA:171,0
DA:173,0
DA:175,0
DA:184,0
DA:185,0
DA:186,0
DA:187,0
DA:189,0
DA:190,0
DA:192,0
DA:193,0
DA:194,0
DA:196,0
DA:197,0
DA:198,0
DA:203,0
DA:204,0
DA:205,0
DA:208,0
DA:209,0
DA:210,0
DA:211,0
DA:214,0
DA:215,0
DA:216,0
DA:217,0
DA:219,0
DA:221,0
DA:224,0
DA:225,0
DA:226,0
DA:227,0
DA:228,0
DA:230,0
DA:232,0
DA:235,0
DA:236,0
DA:237,0
DA:238,0
DA:239,0
DA:241,0
DA:243,0
DA:246,0
DA:247,0
DA:255,0
DA:256,0
DA:269,0
DA:307,0
DA:309,0
DA:316,0
DA:373,0
DA:374,0
DA:376,0
DA:384,0
DA:421,0
DA:422,0
DA:423,0
DA:425,0
DA:438,0
DA:501,0
DA:507,0
DA:508,0
LF:108
LH:0
BRDA:75,0,0,0
BRDA:75,0,1,0
BRDA:102,1,0,0
BRDA:102,1,1,0
BRDA:102,2,0,0
BRDA:102,2,1,0
BRDA:103,3,0,0
BRDA:103,3,1,0
BRDA:109,4,0,0
BRDA:109,4,1,0
BRDA:109,5,0,0
BRDA:109,5,1,0
BRDA:116,6,0,0
BRDA:116,6,1,0
BRDA:116,7,0,0
BRDA:116,7,1,0
BRDA:119,8,0,0
BRDA:119,8,1,0
BRDA:119,9,0,0
BRDA:119,9,1,0
BRDA:124,10,0,0
BRDA:124,10,1,0
BRDA:124,11,0,0
BRDA:124,11,1,0
BRDA:127,12,0,0
BRDA:127,12,1,0
BRDA:127,13,0,0
BRDA:127,13,1,0
BRDA:134,14,0,0
BRDA:134,14,1,0
BRDA:134,15,0,0
BRDA:134,15,1,0
BRDA:139,16,0,0
BRDA:139,16,1,0
BRDA:143,17,0,0
BRDA:143,17,1,0
BRDA:152,18,0,0
BRDA:152,18,1,0
BRDA:162,19,0,0
BRDA:162,19,1,0
BRDA:216,20,0,0
BRDA:216,20,1,0
BRDA:227,21,0,0
BRDA:227,21,1,0
BRDA:238,22,0,0
BRDA:238,22,1,0
BRDA:246,23,0,0
BRDA:246,23,1,0
BRDA:255,24,0,0
BRDA:255,24,1,0
BRDA:260,25,0,0
BRDA:260,25,1,0
BRDA:263,26,0,0
BRDA:263,26,1,0
BRDA:273,27,0,0
BRDA:273,27,1,0
BRDA:276,28,0,0
BRDA:276,28,1,0
BRDA:282,29,0,0
BRDA:282,29,1,0
BRDA:285,30,0,0
BRDA:285,30,1,0
BRDA:288,31,0,0
BRDA:288,31,1,0
BRDA:293,32,0,0
BRDA:293,32,1,0
BRDA:296,33,0,0
BRDA:296,33,1,0
BRDA:304,34,0,0
BRDA:304,34,1,0
BRDA:314,35,0,0
BRDA:314,35,1,0
BRDA:321,36,0,0
BRDA:321,36,1,0
BRDA:328,37,0,0
BRDA:328,37,1,0
BRDA:335,38,0,0
BRDA:335,38,1,0
BRDA:338,39,0,0
BRDA:338,39,1,0
BRDA:344,40,0,0
BRDA:344,40,1,0
BRDA:348,41,0,0
BRDA:348,41,1,0
BRDA:350,42,0,0
BRDA:350,42,1,0
BRDA:358,43,0,0
BRDA:358,43,1,0
BRDA:361,44,0,0
BRDA:361,44,1,0
BRDA:364,45,0,0
BRDA:364,45,1,0
BRDA:370,46,0,0
BRDA:370,46,1,0
BRDA:380,47,0,0
BRDA:380,47,1,0
BRDA:382,48,0,0
BRDA:382,48,1,0
BRDA:388,49,0,0
BRDA:388,49,1,0
BRDA:394,50,0,0
BRDA:394,50,1,0
BRDA:396,51,0,0
BRDA:396,51,1,0
BRDA:402,52,0,0
BRDA:402,52,1,0
BRDA:405,53,0,0
BRDA:405,53,1,0
BRDA:414,54,0,0
BRDA:414,54,1,0
BRDA:417,55,0,0
BRDA:417,55,1,0
BRDA:430,56,0,0
BRDA:430,56,1,0
BRDA:432,57,0,0
BRDA:432,57,1,0
BRDA:434,58,0,0
BRDA:434,58,1,0
BRDA:441,59,0,0
BRDA:441,59,1,0
BRDA:445,60,0,0
BRDA:445,60,1,0
BRDA:449,61,0,0
BRDA:449,61,1,0
BRDA:451,62,0,0
BRDA:451,62,1,0
BRDA:457,63,0,0
BRDA:457,63,1,0
BRDA:464,64,0,0
BRDA:464,64,1,0
BRDA:467,65,0,0
BRDA:467,65,1,0
BRDA:470,66,0,0
BRDA:470,66,1,0
BRDA:472,67,0,0
BRDA:472,67,1,0
BRDA:478,68,0,0
BRDA:478,68,1,0
BRDA:478,68,2,0
BRDA:478,69,0,0
BRDA:478,69,1,0
BRDA:478,70,0,0
BRDA:478,70,1,0
BRDA:481,71,0,0
BRDA:481,71,1,0
BRDA:483,72,0,0
BRDA:483,72,1,0
BRDA:486,73,0,0
BRDA:486,73,1,0
BRDA:496,74,0,0
BRDA:496,74,1,0
BRDA:496,74,2,0
BRDA:498,75,0,0
BRDA:498,75,1,0
BRDA:504,76,0,0
BRDA:504,76,1,0
BRDA:508,77,0,0
BRDA:508,77,1,0
BRDA:508,78,0,0
BRDA:508,78,1,0
BRDA:512,79,0,0
BRDA:512,79,1,0
BRDA:515,80,0,0
BRDA:515,80,1,0
BRDA:522,81,0,0
BRDA:522,81,1,0
BRDA:525,82,0,0
BRDA:525,82,1,0
BRDA:526,83,0,0
BRDA:526,83,1,0
BRDA:529,84,0,0
BRDA:529,84,1,0
BRDA:531,85,0,0
BRDA:531,85,1,0
BRDA:534,86,0,0
BRDA:534,86,1,0
BRDA:534,86,2,0
BRDA:534,87,0,0
BRDA:534,87,1,0
BRDA:534,88,0,0
BRDA:534,88,1,0
BRDA:536,89,0,0
BRDA:536,89,1,0
BRDA:537,90,0,0
BRDA:537,90,1,0
BRF:185
BRH:0
end_of_record
TN:
SF:src\components\Layout.tsx
FN:83,Layout
FN:90,(anonymous_1)
FN:95,(anonymous_2)
FN:99,(anonymous_3)
FN:104,(anonymous_4)
FN:178,(anonymous_5)
FNF:6
FNH:0
FNDA:0,Layout
FNDA:0,(anonymous_1)
FNDA:0,(anonymous_2)
FNDA:0,(anonymous_3)
FNDA:0,(anonymous_4)
FNDA:0,(anonymous_5)
DA:1,0
DA:2,0
DA:3,0
DA:16,0
DA:17,0
DA:18,0
DA:19,0
DA:20,0
DA:33,0
DA:83,0
DA:84,0
DA:85,0
DA:86,0
DA:87,0
DA:88,0
DA:90,0
DA:91,0
DA:92,0
DA:95,0
DA:96,0
DA:99,0
DA:100,0
DA:104,0
DA:105,0
DA:108,0
DA:179,0
DA:180,0
DA:182,0
LF:28
LH:0
BRDA:137,0,0,0
BRDA:137,0,1,0
BRDA:137,1,0,0
BRDA:137,1,1,0
BRDA:140,2,0,0
BRDA:140,2,1,0
BRDA:140,3,0,0
BRDA:140,3,1,0
BRDA:140,4,0,0
BRDA:140,4,1,0
BRDA:161,5,0,0
BRDA:161,5,1,0
BRDA:190,6,0,0
BRDA:190,6,1,0
BRDA:208,7,0,0
BRDA:208,7,1,0
BRDA:208,8,0,0
BRDA:208,8,1,0
BRDA:211,9,0,0
BRDA:211,9,1,0
BRDA:211,10,0,0
BRDA:211,10,1,0
BRDA:211,11,0,0
BRDA:211,11,1,0
BRDA:218,12,0,0
BRDA:218,12,1,0
BRF:26
BRH:0
end_of_record
TN:
SF:src\components\MobileForm.tsx
FN:12,MobileForm
FN:43,MobileInput
FN:105,MobileSelect
FN:129,(anonymous_3)
FN:158,MobileTextarea
FN:219,MobileButton
FN:277,MobileFormGroup
FN:293,MobileFormRow
FNF:8
FNH:0
FNDA:0,MobileForm
FNDA:0,MobileInput
FNDA:0,MobileSelect
FNDA:0,(anonymous_3)
FNDA:0,MobileTextarea
FNDA:0,MobileButton
FNDA:0,MobileFormGroup
FNDA:0,MobileFormRow
DA:2,0
DA:3,0
DA:12,0
DA:13,0
DA:15,0
DA:43,0
DA:59,0
DA:61,0
DA:105,0
DA:115,0
DA:130,0
DA:158,0
DA:169,0
DA:171,0
DA:219,0
DA:230,0
DA:231,0
DA:238,0
DA:244,0
DA:277,0
DA:278,0
DA:293,0
DA:294,0
DA:296,0
LF:24
LH:0
BRDA:12,0,0,0
BRDA:18,1,0,0
BRDA:18,1,1,0
BRDA:45,2,0,0
BRDA:47,3,0,0
BRDA:55,4,0,0
BRDA:63,5,0,0
BRDA:63,5,1,0
BRDA:78,6,0,0
BRDA:78,6,1,0
BRDA:78,7,0,0
BRDA:78,7,1,0
BRDA:80,8,0,0
BRDA:80,8,1,0
BRDA:83,9,0,0
BRDA:83,9,1,0
BRDA:107,10,0,0
BRDA:113,11,0,0
BRDA:117,12,0,0
BRDA:117,12,1,0
BRDA:124,13,0,0
BRDA:124,13,1,0
BRDA:124,14,0,0
BRDA:124,14,1,0
BRDA:126,15,0,0
BRDA:126,15,1,0
BRDA:135,16,0,0
BRDA:135,16,1,0
BRDA:160,17,0,0
BRDA:165,18,0,0
BRDA:166,19,0,0
BRDA:173,20,0,0
BRDA:173,20,1,0
BRDA:183,21,0,0
BRDA:183,21,1,0
BRDA:183,22,0,0
BRDA:183,22,1,0
BRDA:185,23,0,0
BRDA:185,23,1,0
BRDA:186,24,0,0
BRDA:186,24,1,0
BRDA:190,25,0,0
BRDA:190,25,1,0
BRDA:196,26,0,0
BRDA:196,26,1,0
BRDA:198,27,0,0
BRDA:198,27,1,0
BRDA:198,28,0,0
BRDA:198,28,1,0
BRDA:198,29,0,0
BRDA:198,29,1,0
BRDA:221,30,0,0
BRDA:222,31,0,0
BRDA:223,32,0,0
BRDA:224,33,0,0
BRDA:225,34,0,0
BRDA:227,35,0,0
BRDA:228,36,0,0
BRDA:247,37,0,0
BRDA:247,37,1,0
BRDA:253,38,0,0
BRDA:253,38,1,0
BRDA:254,39,0,0
BRDA:254,39,1,0
BRDA:254,40,0,0
BRDA:254,40,1,0
BRDA:258,41,0,0
BRDA:258,41,1,0
BRDA:277,42,0,0
BRDA:293,43,0,0
BRDA:293,44,0,0
BRDA:294,45,0,0
BRDA:294,45,1,0
BRF:73
BRH:0
end_of_record
TN:
SF:src\components\NetworkStatusIndicator.tsx
FN:17,(anonymous_0)
FN:40,(anonymous_1)
FN:64,(anonymous_2)
FN:78,(anonymous_3)
FN:92,(anonymous_4)
FN:99,(anonymous_5)
FN:130,(anonymous_6)
FN:136,(anonymous_7)
FN:137,(anonymous_8)
FN:202,(anonymous_9)
FN:203,(anonymous_10)
FN:251,(anonymous_11)
FNF:12
FNH:0
FNDA:0,(anonymous_0)
FNDA:0,(anonymous_1)
FNDA:0,(anonymous_2)
FNDA:0,(anonymous_3)
FNDA:0,(anonymous_4)
FNDA:0,(anonymous_5)
FNDA:0,(anonymous_6)
FNDA:0,(anonymous_7)
FNDA:0,(anonymous_8)
FNDA:0,(anonymous_9)
FNDA:0,(anonymous_10)
FNDA:0,(anonymous_11)
DA:1,0
DA:2,0
DA:3,0
DA:4,0
DA:17,0
DA:32,0
DA:34,0
DA:35,0
DA:37,0
DA:40,0
DA:41,0
DA:42,0
DA:45,0
DA:46,0
DA:49,0
DA:51,0
DA:53,0
DA:55,0
DA:57,0
DA:59,0
DA:64,0
DA:65,0
DA:66,0
DA:68,0
DA:69,0
DA:70,0
DA:71,0
DA:72,0
DA:73,0
DA:78,0
DA:79,0
DA:80,0
DA:82,0
DA:83,0
DA:84,0
DA:85,0
DA:86,0
DA:87,0
DA:92,0
DA:93,0
DA:94,0
DA:95,0
DA:99,0
DA:100,0
DA:102,0
DA:103,0
DA:104,0
DA:106,0
DA:107,0
DA:110,0
DA:111,0
DA:114,0
DA:115,0
DA:118,0
DA:120,0
DA:121,0
DA:122,0
DA:126,0
DA:130,0
DA:131,0
DA:132,0
DA:136,0
DA:137,0
DA:138,0
DA:141,0
DA:143,0
DA:145,0
DA:147,0
DA:151,0
DA:154,0
DA:158,0
DA:161,0
DA:162,0
DA:164,0
DA:165,0
DA:170,0
DA:174,0
DA:178,0
DA:185,0
DA:186,0
DA:199,0
DA:202,0
DA:203,0
DA:252,0
DA:271,0
LF:85
LH:0
BRDA:18,0,0,0
BRDA:19,1,0,0
BRDA:20,2,0,0
BRDA:21,3,0,0
BRDA:41,4,0,0
BRDA:41,4,1,0
BRDA:45,5,0,0
BRDA:45,5,1,0
BRDA:49,6,0,0
BRDA:49,6,1,0
BRDA:49,6,2,0
BRDA:49,6,3,0
BRDA:49,6,4,0
BRDA:65,7,0,0
BRDA:65,7,1,0
BRDA:66,8,0,0
BRDA:66,8,1,0
BRDA:68,9,0,0
BRDA:68,9,1,0
BRDA:68,9,2,0
BRDA:68,9,3,0
BRDA:68,9,4,0
BRDA:79,10,0,0
BRDA:79,10,1,0
BRDA:80,11,0,0
BRDA:80,11,1,0
BRDA:82,12,0,0
BRDA:82,12,1,0
BRDA:82,12,2,0
BRDA:82,12,3,0
BRDA:82,12,4,0
BRDA:93,13,0,0
BRDA:93,13,1,0
BRDA:94,14,0,0
BRDA:94,14,1,0
BRDA:102,15,0,0
BRDA:102,15,1,0
BRDA:106,16,0,0
BRDA:106,16,1,0
BRDA:110,17,0,0
BRDA:110,17,1,0
BRDA:114,18,0,0
BRDA:114,18,1,0
BRDA:120,19,0,0
BRDA:120,19,1,0
BRDA:141,20,0,0
BRDA:141,20,1,0
BRDA:145,21,0,0
BRDA:145,21,1,0
BRDA:145,21,2,0
BRDA:164,22,0,0
BRDA:164,22,1,0
BRDA:164,23,0,0
BRDA:164,23,1,0
BRDA:185,24,0,0
BRDA:185,24,1,0
BRDA:192,25,0,0
BRDA:192,25,1,0
BRDA:216,26,0,0
BRDA:216,26,1,0
BRDA:222,27,0,0
BRDA:222,27,1,0
BRDA:222,27,2,0
BRDA:230,28,0,0
BRDA:230,28,1,0
BRDA:246,29,0,0
BRDA:246,29,1,0
BRDA:258,30,0,0
BRDA:258,30,1,0
BRF:69
BRH:0
end_of_record
TN:
SF:src\components\OfflineModeIndicator.tsx
FN:15,(anonymous_7)
FN:24,(anonymous_8)
FN:25,(anonymous_9)
FN:40,(anonymous_10)
FN:44,(anonymous_11)
FN:45,(anonymous_12)
FN:47,(anonymous_13)
FN:53,(anonymous_14)
FN:57,(anonymous_15)
FN:57,(anonymous_16)
FN:74,(anonymous_17)
FN:85,(anonymous_18)
FN:103,(anonymous_19)
FN:147,(anonymous_20)
FNF:14
FNH:0
FNDA:0,(anonymous_7)
FNDA:0,(anonymous_8)
FNDA:0,(anonymous_9)
FNDA:0,(anonymous_10)
FNDA:0,(anonymous_11)
FNDA:0,(anonymous_12)
FNDA:0,(anonymous_13)
FNDA:0,(anonymous_14)
FNDA:0,(anonymous_15)
FNDA:0,(anonymous_16)
FNDA:0,(anonymous_17)
FNDA:0,(anonymous_18)
FNDA:0,(anonymous_19)
FNDA:0,(anonymous_20)
DA:1,0
DA:2,0
DA:3,0
DA:4,0
DA:5,0
DA:15,0
DA:18,0
DA:19,0
DA:20,0
DA:21,0
DA:24,0
DA:25,0
DA:26,0
DA:27,0
DA:29,0
DA:30,0
DA:35,0
DA:38,0
DA:40,0
DA:44,0
DA:45,0
DA:47,0
DA:48,0
DA:52,0
DA:53,0
DA:57,0
DA:58,0
DA:59,0
DA:60,0
DA:64,0
DA:66,0
DA:74,0
DA:75,0
DA:76,0
DA:77,0
DA:78,0
DA:85,0
DA:86,0
DA:87,0
DA:88,0
DA:89,0
DA:90,0
DA:94,0
DA:95,0
DA:98,0
DA:103,0
DA:148,0
DA:149,0
DA:258,0
LF:49
LH:0
BRDA:16,0,0,0
BRDA:29,1,0,0
BRDA:29,1,1,0
BRDA:75,2,0,0
BRDA:75,2,1,0
BRDA:86,3,0,0
BRDA:86,3,1,0
BRDA:94,4,0,0
BRDA:94,4,1,0
BRDA:94,5,0,0
BRDA:94,5,1,0
BRDA:94,5,2,0
BRDA:107,6,0,0
BRDA:107,6,1,0
BRDA:108,7,0,0
BRDA:108,7,1,0
BRDA:111,8,0,0
BRDA:111,8,1,0
BRDA:113,9,0,0
BRDA:113,9,1,0
BRDA:114,10,0,0
BRDA:114,10,1,0
BRDA:126,11,0,0
BRDA:126,11,1,0
BRDA:127,12,0,0
BRDA:127,12,1,0
BRDA:128,13,0,0
BRDA:128,13,1,0
BRDA:133,14,0,0
BRDA:133,14,1,0
BRDA:134,15,0,0
BRDA:134,15,1,0
BRDA:145,16,0,0
BRDA:145,16,1,0
BRDA:145,16,2,0
BRDA:159,17,0,0
BRDA:159,17,1,0
BRDA:165,18,0,0
BRDA:165,18,1,0
BRDA:199,19,0,0
BRDA:199,19,1,0
BRDA:209,20,0,0
BRDA:209,20,1,0
BRDA:217,21,0,0
BRDA:217,21,1,0
BRDA:217,21,2,0
BRDA:237,22,0,0
BRDA:237,22,1,0
BRF:48
BRH:0
end_of_record
TN:
SF:src\components\PermissionWrapper.tsx
FN:12,(anonymous_0)
FNF:1
FNH:0
FNDA:0,(anonymous_0)
DA:2,0
DA:12,0
DA:19,0
DA:21,0
DA:22,0
DA:25,0
DA:26,0
DA:30,0
DA:33,0
LF:9
LH:0
BRDA:15,0,0,0
BRDA:16,1,0,0
BRDA:17,2,0,0
BRDA:21,3,0,0
BRDA:21,3,1,0
BRDA:21,4,0,0
BRDA:21,4,1,0
BRDA:25,5,0,0
BRDA:25,5,1,0
BRDA:25,6,0,0
BRDA:25,6,1,0
BRF:11
BRH:0
end_of_record
TN:
SF:src\components\ProductTypeTab.tsx
FN:54,ProductTypeTab
FN:65,(anonymous_1)
FN:73,(anonymous_2)
FN:110,(anonymous_3)
FNF:4
FNH:0
FNDA:0,ProductTypeTab
FNDA:0,(anonymous_1)
FNDA:0,(anonymous_2)
FNDA:0,(anonymous_3)
DA:2,0
DA:17,0
DA:54,0
DA:55,0
DA:66,0
DA:67,0
DA:69,0
DA:73,0
DA:110,0
DA:119,0
LF:10
LH:0
BRDA:54,0,0,0
BRDA:76,1,0,0
BRDA:76,1,1,0
BRDA:86,2,0,0
BRDA:86,2,1,0
BRDA:91,3,0,0
BRDA:91,3,1,0
BRDA:97,4,0,0
BRDA:97,4,1,0
BRDA:110,5,0,0
BRDA:110,5,1,0
BRDA:110,6,0,0
BRDA:110,6,1,0
BRF:13
BRH:0
end_of_record
TN:
SF:src\components\ProtectedRoute.tsx
FN:11,ProtectedRoute
FN:57,(anonymous_1)
FNF:2
FNH:0
FNDA:0,ProtectedRoute
FNDA:0,(anonymous_1)
DA:2,0
DA:3,0
DA:4,0
DA:11,0
DA:15,0
DA:16,0
DA:17,0
DA:20,0
DA:21,0
DA:32,0
DA:33,0
DA:43,0
DA:44,0
DA:57,0
DA:69,0
LF:15
LH:0
BRDA:20,0,0,0
BRDA:20,0,1,0
BRDA:32,1,0,0
BRDA:32,1,1,0
BRDA:43,2,0,0
BRDA:43,2,1,0
BRDA:54,3,0,0
BRDA:54,3,1,0
BRF:8
BRH:0
end_of_record
TN:
SF:src\components\PurchaseDetailModal.tsx
FN:27,PurchaseDetailModal
FN:47,(anonymous_9)
FN:47,(anonymous_10)
FN:59,(anonymous_11)
FN:59,(anonymous_12)
FN:97,(anonymous_13)
FN:113,(anonymous_14)
FN:132,(anonymous_15)
FN:162,(anonymous_16)
FN:163,(anonymous_17)
FN:187,(anonymous_18)
FN:315,(anonymous_19)
FN:323,(anonymous_20)
FN:323,(anonymous_21)
FN:404,(anonymous_22)
FN:404,(anonymous_23)
FN:423,(anonymous_24)
FN:444,(anonymous_25)
FN:467,(anonymous_26)
FN:476,(anonymous_27)
FN:484,(anonymous_28)
FN:490,(anonymous_29)
FN:527,(anonymous_30)
FN:531,(anonymous_31)
FN:543,(anonymous_32)
FN:547,(anonymous_33)
FN:558,(anonymous_34)
FN:602,(anonymous_35)
FN:671,(anonymous_36)
FN:778,(anonymous_37)
FN:801,(anonymous_38)
FN:866,(anonymous_39)
FN:877,(anonymous_40)
FN:880,(anonymous_41)
FN:891,(anonymous_42)
FN:1054,(anonymous_43)
FN:1067,(anonymous_44)
FN:1087,(anonymous_45)
FN:1117,(anonymous_46)
FN:1142,(anonymous_47)
FN:1202,(anonymous_48)
FN:1204,(anonymous_49)
FN:1217,(anonymous_50)
FN:1224,(anonymous_51)
FN:1254,(anonymous_52)
FN:1310,(anonymous_53)
FN:1362,(anonymous_54)
FNF:47
FNH:0
FNDA:0,PurchaseDetailModal
FNDA:0,(anonymous_9)
FNDA:0,(anonymous_10)
FNDA:0,(anonymous_11)
FNDA:0,(anonymous_12)
FNDA:0,(anonymous_13)
FNDA:0,(anonymous_14)
FNDA:0,(anonymous_15)
FNDA:0,(anonymous_16)
FNDA:0,(anonymous_17)
FNDA:0,(anonymous_18)
FNDA:0,(anonymous_19)
FNDA:0,(anonymous_20)
FNDA:0,(anonymous_21)
FNDA:0,(anonymous_22)
FNDA:0,(anonymous_23)
FNDA:0,(anonymous_24)
FNDA:0,(anonymous_25)
FNDA:0,(anonymous_26)
FNDA:0,(anonymous_27)
FNDA:0,(anonymous_28)
FNDA:0,(anonymous_29)
FNDA:0,(anonymous_30)
FNDA:0,(anonymous_31)
FNDA:0,(anonymous_32)
FNDA:0,(anonymous_33)
FNDA:0,(anonymous_34)
FNDA:0,(anonymous_35)
FNDA:0,(anonymous_36)
FNDA:0,(anonymous_37)
FNDA:0,(anonymous_38)
FNDA:0,(anonymous_39)
FNDA:0,(anonymous_40)
FNDA:0,(anonymous_41)
FNDA:0,(anonymous_42)
FNDA:0,(anonymous_43)
FNDA:0,(anonymous_44)
FNDA:0,(anonymous_45)
FNDA:0,(anonymous_46)
FNDA:0,(anonymous_47)
FNDA:0,(anonymous_48)
FNDA:0,(anonymous_49)
FNDA:0,(anonymous_50)
FNDA:0,(anonymous_51)
FNDA:0,(anonymous_52)
FNDA:0,(anonymous_53)
FNDA:0,(anonymous_54)
DA:1,0
DA:2,0
DA:12,0
DA:13,0
DA:15,0
DA:16,0
DA:27,0
DA:34,0
DA:36,0
DA:37,0
DA:38,0
DA:39,0
DA:40,0
DA:41,0
DA:42,0
DA:43,0
DA:44,0
DA:47,0
DA:48,0
DA:49,0
DA:50,0
DA:51,0
DA:54,0
DA:59,0
DA:60,0
DA:62,0
DA:63,0
DA:64,0
DA:66,0
DA:67,0
DA:69,0
DA:70,0
DA:72,0
DA:73,0
DA:77,0
DA:83,0
DA:84,0
DA:86,0
DA:89,0
DA:90,0
DA:91,0
DA:93,0
DA:97,0
DA:98,0
DA:99,0
DA:100,0
DA:101,0
DA:103,0
DA:104,0
DA:105,0
DA:106,0
DA:107,0
DA:108,0
DA:113,0
DA:114,0
DA:115,0
DA:132,0
DA:133,0
DA:135,0
DA:137,0
DA:138,0
DA:139,0
DA:142,0
DA:143,0
DA:144,0
DA:162,0
DA:163,0
DA:168,0
DA:187,0
DA:188,0
DA:189,0
DA:190,0
DA:191,0
DA:192,0
DA:193,0
DA:194,0
DA:197,0
DA:198,0
DA:199,0
DA:201,0
DA:205,0
DA:206,0
DA:207,0
DA:208,0
DA:209,0
DA:214,0
DA:216,0
DA:217,0
DA:219,0
DA:221,0
DA:222,0
DA:223,0
DA:227,0
DA:228,0
DA:229,0
DA:230,0
DA:231,0
DA:238,0
DA:240,0
DA:241,0
DA:242,0
DA:248,0
DA:249,0
DA:250,0
DA:252,0
DA:254,0
DA:255,0
DA:256,0
DA:258,0
DA:260,0
DA:261,0
DA:262,0
DA:263,0
DA:266,0
DA:268,0
DA:269,0
DA:270,0
DA:272,0
DA:274,0
DA:275,0
DA:276,0
DA:278,0
DA:280,0
DA:281,0
DA:282,0
DA:284,0
DA:286,0
DA:287,0
DA:288,0
DA:289,0
DA:292,0
DA:294,0
DA:295,0
DA:297,0
DA:299,0
DA:311,0
DA:315,0
DA:316,0
DA:317,0
DA:318,0
DA:323,0
DA:324,0
DA:326,0
DA:327,0
DA:330,0
DA:333,0
DA:334,0
DA:336,0
DA:337,0
DA:339,0
DA:340,0
DA:342,0
DA:343,0
DA:345,0
DA:346,0
DA:348,0
DA:349,0
DA:351,0
DA:352,0
DA:354,0
DA:355,0
DA:357,0
DA:358,0
DA:360,0
DA:361,0
DA:363,0
DA:364,0
DA:368,0
DA:369,0
DA:370,0
DA:371,0
DA:372,0
DA:375,0
DA:378,0
DA:380,0
DA:381,0
DA:382,0
DA:383,0
DA:384,0
DA:387,0
DA:389,0
DA:392,0
DA:393,0
DA:394,0
DA:396,0
DA:399,0
DA:404,0
DA:405,0
DA:407,0
DA:408,0
DA:410,0
DA:412,0
DA:413,0
DA:414,0
DA:415,0
DA:417,0
DA:418,0
DA:422,0
DA:423,0
DA:424,0
DA:434,0
DA:438,0
DA:441,0
DA:443,0
DA:444,0
DA:445,0
DA:455,0
DA:458,0
DA:461,0
DA:462,0
DA:467,0
DA:468,0
DA:476,0
DA:477,0
DA:478,0
DA:479,0
DA:480,0
DA:484,0
DA:485,0
DA:486,0
DA:490,0
DA:491,0
DA:493,0
DA:494,0
DA:496,0
DA:497,0
DA:499,0
DA:500,0
DA:502,0
DA:503,0
DA:505,0
DA:506,0
DA:508,0
DA:509,0
DA:511,0
DA:512,0
DA:514,0
DA:515,0
DA:517,0
DA:521,0
DA:523,0
DA:524,0
DA:527,0
DA:532,0
DA:539,0
DA:540,0
DA:543,0
DA:548,0
DA:554,0
DA:558,0
DA:565,0
DA:567,0
DA:602,0
DA:672,0
DA:673,0
DA:674,0
DA:778,0
DA:801,0
DA:867,0
DA:868,0
DA:869,0
DA:878,0
DA:880,0
DA:892,0
DA:893,0
DA:1054,0
DA:1068,0
DA:1069,0
DA:1070,0
DA:1072,0
DA:1073,0
DA:1074,0
DA:1075,0
DA:1077,0
DA:1088,0
DA:1089,0
DA:1090,0
DA:1091,0
DA:1093,0
DA:1094,0
DA:1095,0
DA:1098,0
DA:1099,0
DA:1101,0
DA:1118,0
DA:1119,0
DA:1121,0
DA:1122,0
DA:1124,0
DA:1143,0
DA:1144,0
DA:1146,0
DA:1147,0
DA:1149,0
DA:1204,0
DA:1206,0
DA:1207,0
DA:1208,0
DA:1209,0
DA:1211,0
DA:1212,0
DA:1216,0
DA:1218,0
DA:1219,0
DA:1220,0
DA:1224,0
DA:1226,0
DA:1228,0
DA:1229,0
DA:1230,0
DA:1241,0
DA:1245,0
DA:1255,0
DA:1256,0
DA:1257,0
DA:1258,0
DA:1310,0
DA:1362,0
LF:318
LH:0
BRDA:31,0,0,0
BRDA:36,1,0,0
BRDA:36,1,1,0
BRDA:36,2,0,0
BRDA:36,2,1,0
BRDA:50,3,0,0
BRDA:50,3,1,0
BRDA:50,4,0,0
BRDA:50,4,1,0
BRDA:51,5,0,0
BRDA:51,5,1,0
BRDA:60,6,0,0
BRDA:60,6,1,0
BRDA:69,7,0,0
BRDA:69,7,1,0
BRDA:69,8,0,0
BRDA:69,8,1,0
BRDA:72,9,0,0
BRDA:72,9,1,0
BRDA:72,10,0,0
BRDA:72,10,1,0
BRDA:79,11,0,0
BRDA:79,11,1,0
BRDA:79,12,0,0
BRDA:79,12,1,0
BRDA:79,13,0,0
BRDA:79,13,1,0
BRDA:86,14,0,0
BRDA:86,14,1,0
BRDA:90,15,0,0
BRDA:90,15,1,0
BRDA:98,16,0,0
BRDA:98,16,1,0
BRDA:98,17,0,0
BRDA:98,17,1,0
BRDA:101,18,0,0
BRDA:101,18,1,0
BRDA:114,19,0,0
BRDA:114,19,1,0
BRDA:114,20,0,0
BRDA:114,20,1,0
BRDA:125,21,0,0
BRDA:125,21,1,0
BRDA:125,22,0,0
BRDA:125,22,1,0
BRDA:125,23,0,0
BRDA:125,23,1,0
BRDA:133,24,0,0
BRDA:133,24,1,0
BRDA:135,25,0,0
BRDA:135,25,1,0
BRDA:143,26,0,0
BRDA:143,26,1,0
BRDA:154,27,0,0
BRDA:154,27,1,0
BRDA:154,28,0,0
BRDA:154,28,1,0
BRDA:154,29,0,0
BRDA:154,29,1,0
BRDA:188,30,0,0
BRDA:188,30,1,0
BRDA:188,31,0,0
BRDA:188,31,1,0
BRDA:189,32,0,0
BRDA:189,32,1,0
BRDA:189,33,0,0
BRDA:189,33,1,0
BRDA:190,34,0,0
BRDA:190,34,1,0
BRDA:190,35,0,0
BRDA:190,35,1,0
BRDA:191,36,0,0
BRDA:191,36,1,0
BRDA:191,37,0,0
BRDA:191,37,1,0
BRDA:192,38,0,0
BRDA:192,38,1,0
BRDA:192,39,0,0
BRDA:192,39,1,0
BRDA:193,40,0,0
BRDA:193,40,1,0
BRDA:193,41,0,0
BRDA:193,41,1,0
BRDA:194,42,0,0
BRDA:194,42,1,0
BRDA:194,43,0,0
BRDA:194,43,1,0
BRDA:197,44,0,0
BRDA:197,44,1,0
BRDA:197,45,0,0
BRDA:197,45,1,0
BRDA:197,46,0,0
BRDA:197,46,1,0
BRDA:198,47,0,0
BRDA:198,47,1,0
BRDA:198,48,0,0
BRDA:198,48,1,0
BRDA:198,49,0,0
BRDA:198,49,1,0
BRDA:199,50,0,0
BRDA:199,50,1,0
BRDA:199,51,0,0
BRDA:199,51,1,0
BRDA:199,52,0,0
BRDA:199,52,1,0
BRDA:205,53,0,0
BRDA:205,53,1,0
BRDA:208,54,0,0
BRDA:208,54,1,0
BRDA:214,55,0,0
BRDA:214,55,1,0
BRDA:216,56,0,0
BRDA:216,56,1,0
BRDA:216,57,0,0
BRDA:216,57,1,0
BRDA:216,58,0,0
BRDA:216,58,1,0
BRDA:219,59,0,0
BRDA:219,59,1,0
BRDA:222,60,0,0
BRDA:222,60,1,0
BRDA:227,61,0,0
BRDA:227,61,1,0
BRDA:228,62,0,0
BRDA:228,62,1,0
BRDA:230,63,0,0
BRDA:230,63,1,0
BRDA:238,64,0,0
BRDA:238,64,1,0
BRDA:240,65,0,0
BRDA:240,65,1,0
BRDA:241,66,0,0
BRDA:241,66,1,0
BRDA:252,67,0,0
BRDA:252,67,1,0
BRDA:252,68,0,0
BRDA:252,68,1,0
BRDA:252,68,2,0
BRDA:255,69,0,0
BRDA:255,69,1,0
BRDA:258,70,0,0
BRDA:258,70,1,0
BRDA:258,71,0,0
BRDA:258,71,1,0
BRDA:258,71,2,0
BRDA:260,72,0,0
BRDA:260,72,1,0
BRDA:262,73,0,0
BRDA:262,73,1,0
BRDA:266,74,0,0
BRDA:266,74,1,0
BRDA:266,75,0,0
BRDA:266,75,1,0
BRDA:266,75,2,0
BRDA:269,76,0,0
BRDA:269,76,1,0
BRDA:272,77,0,0
BRDA:272,77,1,0
BRDA:272,78,0,0
BRDA:272,78,1,0
BRDA:272,78,2,0
BRDA:275,79,0,0
BRDA:275,79,1,0
BRDA:278,80,0,0
BRDA:278,80,1,0
BRDA:278,81,0,0
BRDA:278,81,1,0
BRDA:278,81,2,0
BRDA:281,82,0,0
BRDA:281,82,1,0
BRDA:284,83,0,0
BRDA:284,83,1,0
BRDA:284,84,0,0
BRDA:284,84,1,0
BRDA:284,84,2,0
BRDA:286,85,0,0
BRDA:286,85,1,0
BRDA:288,86,0,0
BRDA:288,86,1,0
BRDA:292,87,0,0
BRDA:292,87,1,0
BRDA:292,88,0,0
BRDA:292,88,1,0
BRDA:292,88,2,0
BRDA:297,89,0,0
BRDA:297,89,1,0
BRDA:316,90,0,0
BRDA:316,90,1,0
BRDA:316,91,0,0
BRDA:316,91,1,0
BRDA:316,91,2,0
BRDA:324,92,0,0
BRDA:324,92,1,0
BRDA:324,93,0,0
BRDA:324,93,1,0
BRDA:333,94,0,0
BRDA:333,94,1,0
BRDA:333,95,0,0
BRDA:333,95,1,0
BRDA:336,96,0,0
BRDA:336,96,1,0
BRDA:336,97,0,0
BRDA:336,97,1,0
BRDA:339,98,0,0
BRDA:339,98,1,0
BRDA:339,99,0,0
BRDA:339,99,1,0
BRDA:342,100,0,0
BRDA:342,100,1,0
BRDA:342,101,0,0
BRDA:342,101,1,0
BRDA:345,102,0,0
BRDA:345,102,1,0
BRDA:345,103,0,0
BRDA:345,103,1,0
BRDA:348,104,0,0
BRDA:348,104,1,0
BRDA:348,105,0,0
BRDA:348,105,1,0
BRDA:351,106,0,0
BRDA:351,106,1,0
BRDA:351,107,0,0
BRDA:351,107,1,0
BRDA:354,108,0,0
BRDA:354,108,1,0
BRDA:354,109,0,0
BRDA:354,109,1,0
BRDA:357,110,0,0
BRDA:357,110,1,0
BRDA:357,111,0,0
BRDA:357,111,1,0
BRDA:360,112,0,0
BRDA:360,112,1,0
BRDA:360,113,0,0
BRDA:360,113,1,0
BRDA:360,114,0,0
BRDA:360,114,1,0
BRDA:360,115,0,0
BRDA:360,115,1,0
BRDA:360,116,0,0
BRDA:360,116,1,0
BRDA:363,117,0,0
BRDA:363,117,1,0
BRDA:363,118,0,0
BRDA:363,118,1,0
BRDA:368,119,0,0
BRDA:368,119,1,0
BRDA:380,120,0,0
BRDA:380,120,1,0
BRDA:389,121,0,0
BRDA:389,121,1,0
BRDA:393,122,0,0
BRDA:393,122,1,0
BRDA:405,123,0,0
BRDA:405,123,1,0
BRDA:405,124,0,0
BRDA:405,124,1,0
BRDA:412,125,0,0
BRDA:412,125,1,0
BRDA:413,126,0,0
BRDA:413,126,1,0
BRDA:417,127,0,0
BRDA:417,127,1,0
BRDA:422,128,0,0
BRDA:422,128,1,0
BRDA:422,129,0,0
BRDA:422,129,1,0
BRDA:422,130,0,0
BRDA:422,130,1,0
BRDA:422,131,0,0
BRDA:422,131,1,0
BRDA:434,132,0,0
BRDA:434,132,1,0
BRDA:441,133,0,0
BRDA:441,133,1,0
BRDA:441,134,0,0
BRDA:441,134,1,0
BRDA:441,135,0,0
BRDA:441,135,1,0
BRDA:441,136,0,0
BRDA:441,136,1,0
BRDA:441,137,0,0
BRDA:441,137,1,0
BRDA:443,138,0,0
BRDA:443,138,1,0
BRDA:443,139,0,0
BRDA:443,139,1,0
BRDA:443,140,0,0
BRDA:443,140,1,0
BRDA:477,141,0,0
BRDA:477,141,1,0
BRDA:477,142,0,0
BRDA:477,142,1,0
BRDA:477,142,2,0
BRDA:478,143,0,0
BRDA:478,143,1,0
BRDA:479,144,0,0
BRDA:479,144,1,0
BRDA:485,145,0,0
BRDA:485,145,1,0
BRDA:490,146,0,0
BRDA:491,147,0,0
BRDA:491,147,1,0
BRDA:493,148,0,0
BRDA:493,148,1,0
BRDA:493,149,0,0
BRDA:493,149,1,0
BRDA:494,150,0,0
BRDA:494,150,1,0
BRDA:494,151,0,0
BRDA:494,151,1,0
BRDA:494,152,0,0
BRDA:494,152,1,0
BRDA:496,153,0,0
BRDA:496,153,1,0
BRDA:497,154,0,0
BRDA:497,154,1,0
BRDA:497,155,0,0
BRDA:497,155,1,0
BRDA:497,156,0,0
BRDA:497,156,1,0
BRDA:497,157,0,0
BRDA:497,157,1,0
BRDA:499,158,0,0
BRDA:499,158,1,0
BRDA:502,159,0,0
BRDA:502,159,1,0
BRDA:503,160,0,0
BRDA:503,160,1,0
BRDA:505,161,0,0
BRDA:505,161,1,0
BRDA:506,162,0,0
BRDA:506,162,1,0
BRDA:508,163,0,0
BRDA:508,163,1,0
BRDA:509,164,0,0
BRDA:509,164,1,0
BRDA:511,165,0,0
BRDA:511,165,1,0
BRDA:512,166,0,0
BRDA:512,166,1,0
BRDA:514,167,0,0
BRDA:514,167,1,0
BRDA:515,168,0,0
BRDA:515,168,1,0
BRDA:517,169,0,0
BRDA:517,169,1,0
BRDA:521,170,0,0
BRDA:521,170,1,0
BRDA:523,171,0,0
BRDA:523,171,1,0
BRDA:523,172,0,0
BRDA:523,172,1,0
BRDA:526,173,0,0
BRDA:526,173,1,0
BRDA:539,174,0,0
BRDA:539,174,1,0
BRDA:542,175,0,0
BRDA:542,175,1,0
BRDA:557,176,0,0
BRDA:557,176,1,0
BRDA:558,177,0,0
BRDA:558,177,1,0
BRDA:558,178,0,0
BRDA:558,178,1,0
BRDA:560,179,0,0
BRDA:560,179,1,0
BRDA:565,180,0,0
BRDA:565,180,1,0
BRDA:584,181,0,0
BRDA:584,181,1,0
BRDA:590,182,0,0
BRDA:590,182,1,0
BRDA:590,182,2,0
BRDA:592,183,0,0
BRDA:592,183,1,0
BRDA:639,184,0,0
BRDA:639,184,1,0
BRDA:648,185,0,0
BRDA:648,185,1,0
BRDA:657,186,0,0
BRDA:657,186,1,0
BRDA:666,187,0,0
BRDA:666,187,1,0
BRDA:666,188,0,0
BRDA:666,188,1,0
BRDA:674,189,0,0
BRDA:674,189,1,0
BRDA:674,190,0,0
BRDA:674,190,1,0
BRDA:717,191,0,0
BRDA:717,191,1,0
BRDA:717,192,0,0
BRDA:717,192,1,0
BRDA:717,193,0,0
BRDA:717,193,1,0
BRDA:724,194,0,0
BRDA:724,194,1,0
BRDA:724,194,2,0
BRDA:736,195,0,0
BRDA:736,195,1,0
BRDA:736,195,2,0
BRDA:748,196,0,0
BRDA:748,196,1,0
BRDA:748,196,2,0
BRDA:758,197,0,0
BRDA:758,197,1,0
BRDA:758,198,0,0
BRDA:758,198,1,0
BRDA:758,199,0,0
BRDA:758,199,1,0
BRDA:774,200,0,0
BRDA:774,200,1,0
BRDA:777,201,0,0
BRDA:777,201,1,0
BRDA:777,202,0,0
BRDA:777,202,1,0
BRDA:778,203,0,0
BRDA:778,203,1,0
BRDA:783,204,0,0
BRDA:783,204,1,0
BRDA:788,205,0,0
BRDA:788,205,1,0
BRDA:788,205,2,0
BRDA:797,206,0,0
BRDA:797,206,1,0
BRDA:800,207,0,0
BRDA:800,207,1,0
BRDA:800,208,0,0
BRDA:800,208,1,0
BRDA:801,209,0,0
BRDA:801,209,1,0
BRDA:806,210,0,0
BRDA:806,210,1,0
BRDA:806,210,2,0
BRDA:806,211,0,0
BRDA:806,211,1,0
BRDA:806,212,0,0
BRDA:806,212,1,0
BRDA:811,213,0,0
BRDA:811,213,1,0
BRDA:811,213,2,0
BRDA:820,214,0,0
BRDA:820,214,1,0
BRDA:820,215,0,0
BRDA:820,215,1,0
BRDA:820,216,0,0
BRDA:820,216,1,0
BRDA:821,217,0,0
BRDA:821,217,1,0
BRDA:821,218,0,0
BRDA:821,218,1,0
BRDA:821,218,2,0
BRDA:828,219,0,0
BRDA:828,219,1,0
BRDA:828,219,2,0
BRDA:828,219,3,0
BRDA:828,220,0,0
BRDA:828,220,1,0
BRDA:828,221,0,0
BRDA:828,221,1,0
BRDA:838,222,0,0
BRDA:838,222,1,0
BRDA:838,222,2,0
BRDA:838,223,0,0
BRDA:838,223,1,0
BRDA:838,224,0,0
BRDA:838,224,1,0
BRDA:846,225,0,0
BRDA:846,225,1,0
BRDA:846,226,0,0
BRDA:846,226,1,0
BRDA:846,227,0,0
BRDA:846,227,1,0
BRDA:846,228,0,0
BRDA:846,228,1,0
BRDA:858,229,0,0
BRDA:858,229,1,0
BRDA:858,230,0,0
BRDA:858,230,1,0
BRDA:869,231,0,0
BRDA:869,231,1,0
BRDA:869,232,0,0
BRDA:869,232,1,0
BRDA:875,233,0,0
BRDA:875,233,1,0
BRDA:882,234,0,0
BRDA:882,234,1,0
BRDA:928,235,0,0
BRDA:928,235,1,0
BRDA:928,235,2,0
BRDA:928,235,3,0
BRDA:931,236,0,0
BRDA:931,236,1,0
BRDA:932,237,0,0
BRDA:932,237,1,0
BRDA:940,238,0,0
BRDA:940,238,1,0
BRDA:950,239,0,0
BRDA:950,239,1,0
BRDA:950,239,2,0
BRDA:959,240,0,0
BRDA:959,240,1,0
BRDA:959,240,2,0
BRDA:973,241,0,0
BRDA:973,241,1,0
BRDA:973,242,0,0
BRDA:973,242,1,0
BRDA:973,243,0,0
BRDA:973,243,1,0
BRDA:980,244,0,0
BRDA:980,244,1,0
BRDA:980,244,2,0
BRDA:986,245,0,0
BRDA:986,245,1,0
BRDA:986,245,2,0
BRDA:999,246,0,0
BRDA:999,246,1,0
BRDA:999,246,2,0
BRDA:1005,247,0,0
BRDA:1005,247,1,0
BRDA:1005,247,2,0
BRDA:1018,248,0,0
BRDA:1018,248,1,0
BRDA:1018,248,2,0
BRDA:1024,249,0,0
BRDA:1024,249,1,0
BRDA:1024,249,2,0
BRDA:1035,250,0,0
BRDA:1035,250,1,0
BRDA:1035,251,0,0
BRDA:1035,251,1,0
BRDA:1035,252,0,0
BRDA:1035,252,1,0
BRDA:1045,253,0,0
BRDA:1045,253,1,0
BRDA:1050,254,0,0
BRDA:1050,254,1,0
BRDA:1053,255,0,0
BRDA:1053,255,1,0
BRDA:1053,256,0,0
BRDA:1053,256,1,0
BRDA:1054,257,0,0
BRDA:1054,257,1,0
BRDA:1059,258,0,0
BRDA:1059,258,1,0
BRDA:1068,259,0,0
BRDA:1068,259,1,0
BRDA:1068,260,0,0
BRDA:1068,260,1,0
BRDA:1068,261,0,0
BRDA:1068,261,1,0
BRDA:1069,262,0,0
BRDA:1069,262,1,0
BRDA:1069,263,0,0
BRDA:1069,263,1,0
BRDA:1069,264,0,0
BRDA:1069,264,1,0
BRDA:1070,265,0,0
BRDA:1070,265,1,0
BRDA:1070,266,0,0
BRDA:1070,266,1,0
BRDA:1072,267,0,0
BRDA:1072,267,1,0
BRDA:1074,268,0,0
BRDA:1074,268,1,0
BRDA:1074,269,0,0
BRDA:1074,269,1,0
BRDA:1086,270,0,0
BRDA:1086,270,1,0
BRDA:1086,271,0,0
BRDA:1086,271,1,0
BRDA:1086,272,0,0
BRDA:1086,272,1,0
BRDA:1088,273,0,0
BRDA:1088,273,1,0
BRDA:1088,274,0,0
BRDA:1088,274,1,0
BRDA:1088,275,0,0
BRDA:1088,275,1,0
BRDA:1089,276,0,0
BRDA:1089,276,1,0
BRDA:1089,277,0,0
BRDA:1089,277,1,0
BRDA:1089,278,0,0
BRDA:1089,278,1,0
BRDA:1090,279,0,0
BRDA:1090,279,1,0
BRDA:1090,280,0,0
BRDA:1090,280,1,0
BRDA:1090,281,0,0
BRDA:1090,281,1,0
BRDA:1091,282,0,0
BRDA:1091,282,1,0
BRDA:1091,283,0,0
BRDA:1091,283,1,0
BRDA:1094,284,0,0
BRDA:1094,284,1,0
BRDA:1094,285,0,0
BRDA:1094,285,1,0
BRDA:1094,285,2,0
BRDA:1098,286,0,0
BRDA:1098,286,1,0
BRDA:1098,287,0,0
BRDA:1098,287,1,0
BRDA:1098,287,2,0
BRDA:1111,288,0,0
BRDA:1111,288,1,0
BRDA:1116,289,0,0
BRDA:1116,289,1,0
BRDA:1116,290,0,0
BRDA:1116,290,1,0
BRDA:1116,291,0,0
BRDA:1116,291,1,0
BRDA:1118,292,0,0
BRDA:1118,292,1,0
BRDA:1118,293,0,0
BRDA:1118,293,1,0
BRDA:1118,294,0,0
BRDA:1118,294,1,0
BRDA:1119,295,0,0
BRDA:1119,295,1,0
BRDA:1119,296,0,0
BRDA:1119,296,1,0
BRDA:1119,297,0,0
BRDA:1119,297,1,0
BRDA:1121,298,0,0
BRDA:1121,298,1,0
BRDA:1121,299,0,0
BRDA:1121,299,1,0
BRDA:1134,300,0,0
BRDA:1134,300,1,0
BRDA:1134,300,2,0
BRDA:1138,301,0,0
BRDA:1138,301,1,0
BRDA:1141,302,0,0
BRDA:1141,302,1,0
BRDA:1141,303,0,0
BRDA:1141,303,1,0
BRDA:1141,304,0,0
BRDA:1141,304,1,0
BRDA:1143,305,0,0
BRDA:1143,305,1,0
BRDA:1143,306,0,0
BRDA:1143,306,1,0
BRDA:1143,307,0,0
BRDA:1143,307,1,0
BRDA:1144,308,0,0
BRDA:1144,308,1,0
BRDA:1144,309,0,0
BRDA:1144,309,1,0
BRDA:1144,310,0,0
BRDA:1144,310,1,0
BRDA:1146,311,0,0
BRDA:1146,311,1,0
BRDA:1146,312,0,0
BRDA:1146,312,1,0
BRDA:1166,313,0,0
BRDA:1166,313,1,0
BRDA:1166,313,2,0
BRDA:1166,314,0,0
BRDA:1166,314,1,0
BRDA:1166,315,0,0
BRDA:1166,315,1,0
BRDA:1174,316,0,0
BRDA:1174,316,1,0
BRDA:1174,317,0,0
BRDA:1174,317,1,0
BRDA:1174,318,0,0
BRDA:1174,318,1,0
BRDA:1174,319,0,0
BRDA:1174,319,1,0
BRDA:1183,320,0,0
BRDA:1183,320,1,0
BRDA:1183,320,2,0
BRDA:1183,321,0,0
BRDA:1183,321,1,0
BRDA:1183,322,0,0
BRDA:1183,322,1,0
BRDA:1183,323,0,0
BRDA:1183,323,1,0
BRDA:1183,324,0,0
BRDA:1183,324,1,0
BRDA:1191,325,0,0
BRDA:1191,325,1,0
BRDA:1191,325,2,0
BRDA:1191,325,3,0
BRDA:1199,326,0,0
BRDA:1199,326,1,0
BRDA:1199,327,0,0
BRDA:1199,327,1,0
BRDA:1208,328,0,0
BRDA:1208,328,1,0
BRDA:1228,329,0,0
BRDA:1228,329,1,0
BRDA:1228,330,0,0
BRDA:1228,330,1,0
BRDA:1228,331,0,0
BRDA:1228,331,1,0
BRDA:1241,332,0,0
BRDA:1241,332,1,0
BRDA:1241,333,0,0
BRDA:1241,333,1,0
BRDA:1254,334,0,0
BRDA:1254,334,1,0
BRDA:1256,335,0,0
BRDA:1256,335,1,0
BRDA:1270,336,0,0
BRDA:1270,336,1,0
BRDA:1270,336,2,0
BRDA:1270,337,0,0
BRDA:1270,337,1,0
BRDA:1270,338,0,0
BRDA:1270,338,1,0
BRDA:1270,339,0,0
BRDA:1270,339,1,0
BRDA:1270,340,0,0
BRDA:1270,340,1,0
BRDA:1288,341,0,0
BRDA:1288,341,1,0
BRDA:1304,342,0,0
BRDA:1304,342,1,0
BRDA:1332,343,0,0
BRDA:1332,343,1,0
BRDA:1332,344,0,0
BRDA:1332,344,1,0
BRDA:1335,345,0,0
BRDA:1335,345,1,0
BRDA:1335,346,0,0
BRDA:1335,346,1,0
BRDA:1349,347,0,0
BRDA:1349,347,1,0
BRF:732
BRH:0
end_of_record
TN:
SF:src\components\TotalPriceInput.tsx
FN:20,TotalPriceInput
FN:35,(anonymous_1)
FNF:2
FNH:0
FNDA:0,TotalPriceInput
FNDA:0,(anonymous_1)
DA:2,0
DA:3,0
DA:20,0
DA:33,0
DA:35,0
DA:36,0
DA:37,0
DA:40,0
LF:8
LH:0
BRDA:22,0,0,0
BRDA:37,1,0,0
BRDA:37,1,1,0
BRDA:42,2,0,0
BRDA:42,2,1,0
BRDA:53,3,0,0
BRDA:53,3,1,0
BRDA:55,4,0,0
BRDA:55,4,1,0
BRDA:60,5,0,0
BRDA:60,5,1,0
BRDA:68,6,0,0
BRDA:68,6,1,0
BRDA:68,6,2,0
BRDA:69,7,0,0
BRDA:69,7,1,0
BRDA:71,8,0,0
BRDA:71,8,1,0
BRDA:72,9,0,0
BRDA:72,9,1,0
BRDA:73,10,0,0
BRDA:73,10,1,0
BRDA:74,11,0,0
BRDA:74,11,1,0
BRDA:78,12,0,0
BRDA:78,12,1,0
BRDA:78,12,2,0
BRDA:85,13,0,0
BRDA:85,13,1,0
BRDA:85,13,2,0
BRF:30
BRH:0
end_of_record
TN:
SF:src\hooks\useAuth.tsx
FN:21,AuthProvider
FN:27,(anonymous_8)
FN:28,(anonymous_9)
FN:28,(anonymous_10)
FN:65,(anonymous_11)
FN:65,(anonymous_12)
FN:99,(anonymous_13)
FN:99,(anonymous_14)
FN:130,useAuth
FN:139,usePermission
FN:142,(anonymous_17)
FN:149,(anonymous_18)
FN:153,(anonymous_19)
FN:157,(anonymous_20)
FN:161,(anonymous_21)
FN:165,(anonymous_22)
FN:170,(anonymous_23)
FN:180,(anonymous_24)
FN:181,(anonymous_25)
FN:185,(anonymous_26)
FNF:20
FNH:0
FNDA:0,AuthProvider
FNDA:0,(anonymous_8)
FNDA:0,(anonymous_9)
FNDA:0,(anonymous_10)
FNDA:0,(anonymous_11)
FNDA:0,(anonymous_12)
FNDA:0,(anonymous_13)
FNDA:0,(anonymous_14)
FNDA:0,useAuth
FNDA:0,usePermission
FNDA:0,(anonymous_17)
FNDA:0,(anonymous_18)
FNDA:0,(anonymous_19)
FNDA:0,(anonymous_20)
FNDA:0,(anonymous_21)
FNDA:0,(anonymous_22)
FNDA:0,(anonymous_23)
FNDA:0,(anonymous_24)
FNDA:0,(anonymous_25)
FNDA:0,(anonymous_26)
DA:1,0
DA:3,0
DA:15,0
DA:21,0
DA:22,0
DA:23,0
DA:24,0
DA:27,0
DA:28,0
DA:29,0
DA:30,0
DA:31,0
DA:33,0
DA:34,0
DA:35,0
DA:36,0
DA:39,0
DA:40,0
DA:41,0
DA:42,0
DA:45,0
DA:46,0
DA:50,0
DA:51,0
DA:55,0
DA:56,0
DA:58,0
DA:62,0
DA:65,0
DA:66,0
DA:67,0
DA:69,0
DA:74,0
DA:76,0
DA:77,0
DA:79,0
DA:80,0
DA:83,0
DA:84,0
DA:86,0
DA:88,0
DA:89,0
DA:92,0
DA:93,0
DA:95,0
DA:99,0
DA:100,0
DA:101,0
DA:103,0
DA:105,0
DA:106,0
DA:107,0
DA:108,0
DA:109,0
DA:113,0
DA:123,0
DA:130,0
DA:131,0
DA:132,0
DA:133,0
DA:135,0
DA:139,0
DA:140,0
DA:142,0
DA:143,0
DA:144,0
DA:145,0
DA:146,0
DA:149,0
DA:150,0
DA:153,0
DA:154,0
DA:157,0
DA:158,0
DA:161,0
DA:162,0
DA:165,0
DA:166,0
DA:170,0
DA:171,0
DA:173,0
DA:180,0
DA:181,0
DA:182,0
DA:184,0
DA:185,0
DA:186,0
DA:187,0
DA:188,0
DA:189,0
DA:192,0
DA:195,0
DA:198,0
LF:93
LH:0
BRDA:33,0,0,0
BRDA:33,0,1,0
BRDA:33,1,0,0
BRDA:33,1,1,0
BRDA:41,2,0,0
BRDA:41,2,1,0
BRDA:41,3,0,0
BRDA:41,3,1,0
BRDA:76,4,0,0
BRDA:76,4,1,0
BRDA:76,5,0,0
BRDA:76,5,1,0
BRDA:88,6,0,0
BRDA:88,6,1,0
BRDA:93,7,0,0
BRDA:93,7,1,0
BRDA:93,7,2,0
BRDA:93,8,0,0
BRDA:93,8,1,0
BRDA:93,9,0,0
BRDA:93,9,1,0
BRDA:93,10,0,0
BRDA:93,10,1,0
BRDA:93,11,0,0
BRDA:93,11,1,0
BRDA:119,12,0,0
BRDA:119,12,1,0
BRDA:120,13,0,0
BRDA:120,13,1,0
BRDA:120,14,0,0
BRDA:120,14,1,0
BRDA:132,15,0,0
BRDA:132,15,1,0
BRDA:143,16,0,0
BRDA:143,16,1,0
BRDA:144,17,0,0
BRDA:144,17,1,0
BRDA:145,18,0,0
BRDA:145,18,1,0
BRDA:171,19,0,0
BRDA:171,19,1,0
BRDA:181,20,0,0
BRDA:181,20,1,0
BRDA:182,21,0,0
BRDA:182,21,1,0
BRDA:182,22,0,0
BRDA:182,22,1,0
BRDA:186,23,0,0
BRDA:186,23,1,0
BRDA:188,24,0,0
BRDA:188,24,1,0
BRF:51
BRH:0
end_of_record
TN:
SF:src\hooks\useDeviceDetection.tsx
FN:7,useDeviceDetection
FN:13,(anonymous_1)
FN:93,(anonymous_2)
FN:98,(anonymous_3)
FN:103,(anonymous_4)
FN:111,(anonymous_5)
FN:118,(anonymous_6)
FNF:7
FNH:0
FNDA:0,useDeviceDetection
FNDA:0,(anonymous_1)
FNDA:0,(anonymous_2)
FNDA:0,(anonymous_3)
FNDA:0,(anonymous_4)
FNDA:0,(anonymous_5)
FNDA:0,(anonymous_6)
DA:1,0
DA:7,0
DA:8,0
DA:9,0
DA:10,0
DA:13,0
DA:14,0
DA:15,0
DA:16,0
DA:17,0
DA:18,0
DA:21,0
DA:25,0
DA:32,0
DA:38,0
DA:51,0
DA:54,0
DA:60,0
DA:62,0
DA:76,0
DA:77,0
DA:78,0
DA:80,0
DA:93,0
DA:95,0
DA:98,0
DA:99,0
DA:103,0
DA:105,0
DA:108,0
DA:109,0
DA:111,0
DA:112,0
DA:113,0
DA:118,0
DA:119,0
DA:132,0
DA:141,0
LF:38
LH:0
BRDA:17,0,0,0
BRDA:17,0,1,0
BRDA:18,1,0,0
BRDA:18,1,1,0
BRDA:25,2,0,0
BRDA:25,2,1,0
BRDA:25,2,2,0
BRDA:25,2,3,0
BRDA:25,2,4,0
BRDA:25,2,5,0
BRDA:32,3,0,0
BRDA:32,3,1,0
BRDA:32,3,2,0
BRDA:32,3,3,0
BRDA:51,4,0,0
BRDA:51,4,1,0
BRDA:54,5,0,0
BRDA:54,5,1,0
BRDA:54,5,2,0
BRDA:54,5,3,0
BRDA:54,5,4,0
BRDA:60,6,0,0
BRDA:60,6,1,0
BRDA:60,7,0,0
BRDA:60,7,1,0
BRDA:83,8,0,0
BRDA:83,8,1,0
BRDA:121,9,0,0
BRDA:121,9,1,0
BRDA:121,9,2,0
BRDA:121,9,3,0
BRDA:122,10,0,0
BRDA:122,10,1,0
BRDA:127,11,0,0
BRDA:127,11,1,0
BRDA:128,12,0,0
BRDA:128,12,1,0
BRF:37
BRH:0
end_of_record
TN:
SF:src\hooks\useEnhancedNetworkStatus.tsx
FN:36,(anonymous_0)
FN:37,(anonymous_1)
FN:74,(anonymous_2)
FN:89,(anonymous_3)
FN:106,(anonymous_4)
FN:115,(anonymous_5)
FN:121,(anonymous_6)
FN:133,(anonymous_7)
FN:139,(anonymous_8)
FN:144,(anonymous_9)
FN:198,(anonymous_10)
FN:199,(anonymous_11)
FN:216,(anonymous_12)
FN:217,(anonymous_13)
FN:238,(anonymous_14)
FN:241,(anonymous_15)
FN:260,(anonymous_16)
FN:264,(anonymous_17)
FN:273,(anonymous_18)
FN:285,(anonymous_19)
FN:299,(anonymous_20)
FN:304,(anonymous_21)
FN:305,(anonymous_22)
FN:311,(anonymous_23)
FN:316,(anonymous_24)
FN:322,(anonymous_25)
FN:328,(anonymous_26)
FN:333,(anonymous_27)
FN:354,(anonymous_28)
FN:358,(anonymous_29)
FNF:30
FNH:0
FNDA:0,(anonymous_0)
FNDA:0,(anonymous_1)
FNDA:0,(anonymous_2)
FNDA:0,(anonymous_3)
FNDA:0,(anonymous_4)
FNDA:0,(anonymous_5)
FNDA:0,(anonymous_6)
FNDA:0,(anonymous_7)
FNDA:0,(anonymous_8)
FNDA:0,(anonymous_9)
FNDA:0,(anonymous_10)
FNDA:0,(anonymous_11)
FNDA:0,(anonymous_12)
FNDA:0,(anonymous_13)
FNDA:0,(anonymous_14)
FNDA:0,(anonymous_15)
FNDA:0,(anonymous_16)
FNDA:0,(anonymous_17)
FNDA:0,(anonymous_18)
FNDA:0,(anonymous_19)
FNDA:0,(anonymous_20)
FNDA:0,(anonymous_21)
FNDA:0,(anonymous_22)
FNDA:0,(anonymous_23)
FNDA:0,(anonymous_24)
FNDA:0,(anonymous_25)
FNDA:0,(anonymous_26)
FNDA:0,(anonymous_27)
FNDA:0,(anonymous_28)
FNDA:0,(anonymous_29)
DA:1,0
DA:2,0
DA:36,0
DA:37,0
DA:39,0
DA:40,0
DA:41,0
DA:42,0
DA:43,0
DA:50,0
DA:54,0
DA:66,0
DA:67,0
DA:68,0
DA:69,0
DA:70,0
DA:71,0
DA:74,0
DA:75,0
DA:79,0
DA:89,0
DA:90,0
DA:92,0
DA:94,0
DA:95,0
DA:96,0
DA:97,0
DA:98,0
DA:99,0
DA:101,0
DA:106,0
DA:107,0
DA:115,0
DA:116,0
DA:117,0
DA:121,0
DA:122,0
DA:123,0
DA:125,0
DA:129,0
DA:133,0
DA:135,0
DA:136,0
DA:139,0
DA:140,0
DA:141,0
DA:142,0
DA:144,0
DA:145,0
DA:159,0
DA:165,0
DA:166,0
DA:173,0
DA:174,0
DA:175,0
DA:176,0
DA:177,0
DA:180,0
DA:183,0
DA:184,0
DA:186,0
DA:189,0
DA:192,0
DA:198,0
DA:199,0
DA:200,0
DA:202,0
DA:204,0
DA:211,0
DA:212,0
DA:216,0
DA:217,0
DA:222,0
DA:228,0
DA:233,0
DA:238,0
DA:239,0
DA:241,0
DA:247,0
DA:253,0
DA:254,0
DA:255,0
DA:260,0
DA:261,0
DA:264,0
DA:265,0
DA:266,0
DA:267,0
DA:273,0
DA:274,0
DA:275,0
DA:276,0
DA:277,0
DA:278,0
DA:279,0
DA:280,0
DA:285,0
DA:286,0
DA:287,0
DA:299,0
DA:300,0
DA:304,0
DA:305,0
DA:311,0
DA:313,0
DA:316,0
DA:317,0
DA:318,0
DA:319,0
DA:322,0
DA:323,0
DA:324,0
DA:325,0
DA:328,0
DA:329,0
DA:330,0
DA:333,0
DA:334,0
DA:336,0
DA:341,0
DA:342,0
DA:343,0
DA:345,0
DA:349,0
DA:350,0
DA:354,0
DA:355,0
DA:358,0
DA:359,0
DA:360,0
DA:361,0
DA:363,0
DA:364,0
DA:367,0
DA:368,0
DA:371,0
DA:372,0
DA:375,0
DA:376,0
DA:381,0
DA:398,0
LF:141
LH:0
BRDA:40,0,0,0
BRDA:40,0,1,0
BRDA:75,1,0,0
BRDA:75,1,1,0
BRDA:75,1,2,0
BRDA:80,2,0,0
BRDA:80,2,1,0
BRDA:80,3,0,0
BRDA:80,3,1,0
BRDA:80,4,0,0
BRDA:80,4,1,0
BRDA:81,5,0,0
BRDA:81,5,1,0
BRDA:81,6,0,0
BRDA:81,6,1,0
BRDA:81,7,0,0
BRDA:81,7,1,0
BRDA:82,8,0,0
BRDA:82,8,1,0
BRDA:82,9,0,0
BRDA:82,9,1,0
BRDA:82,10,0,0
BRDA:82,10,1,0
BRDA:83,11,0,0
BRDA:83,11,1,0
BRDA:83,12,0,0
BRDA:83,12,1,0
BRDA:83,13,0,0
BRDA:83,13,1,0
BRDA:84,14,0,0
BRDA:84,14,1,0
BRDA:84,15,0,0
BRDA:84,15,1,0
BRDA:84,16,0,0
BRDA:84,16,1,0
BRDA:90,17,0,0
BRDA:90,17,1,0
BRDA:94,18,0,0
BRDA:94,18,1,0
BRDA:94,19,0,0
BRDA:94,19,1,0
BRDA:94,19,2,0
BRDA:96,20,0,0
BRDA:96,20,1,0
BRDA:96,21,0,0
BRDA:96,21,1,0
BRDA:96,21,2,0
BRDA:98,22,0,0
BRDA:98,22,1,0
BRDA:98,23,0,0
BRDA:98,23,1,0
BRDA:98,23,2,0
BRDA:133,24,0,0
BRDA:135,25,0,0
BRDA:135,25,1,0
BRDA:152,26,0,0
BRDA:152,26,1,0
BRDA:153,27,0,0
BRDA:153,27,1,0
BRDA:159,28,0,0
BRDA:159,28,1,0
BRDA:159,28,2,0
BRDA:159,28,3,0
BRDA:159,28,4,0
BRDA:165,29,0,0
BRDA:165,29,1,0
BRDA:174,30,0,0
BRDA:174,30,1,0
BRDA:175,31,0,0
BRDA:175,31,1,0
BRDA:176,32,0,0
BRDA:176,32,1,0
BRDA:200,33,0,0
BRDA:200,33,1,0
BRDA:211,34,0,0
BRDA:211,34,1,0
BRDA:253,35,0,0
BRDA:253,35,1,0
BRDA:266,36,0,0
BRDA:266,36,1,0
BRDA:274,37,0,0
BRDA:274,37,1,0
BRDA:274,37,2,0
BRDA:274,37,3,0
BRDA:274,37,4,0
BRDA:274,37,5,0
BRDA:292,38,0,0
BRDA:292,38,1,0
BRDA:292,39,0,0
BRDA:292,39,1,0
BRDA:334,40,0,0
BRDA:334,40,1,0
BRDA:345,41,0,0
BRDA:345,41,1,0
BRDA:345,41,2,0
BRDA:349,42,0,0
BRDA:349,42,1,0
BRDA:363,43,0,0
BRDA:363,43,1,0
BRDA:367,44,0,0
BRDA:367,44,1,0
BRDA:371,45,0,0
BRDA:371,45,1,0
BRDA:375,46,0,0
BRDA:375,46,1,0
BRF:105
BRH:0
end_of_record
TN:
SF:src\hooks\useNetworkStatus.tsx
FN:12,(anonymous_0)
FN:22,(anonymous_1)
FN:44,(anonymous_2)
FN:49,(anonymous_3)
FN:54,(anonymous_4)
FN:59,(anonymous_5)
FN:75,(anonymous_6)
FN:84,(anonymous_7)
FN:100,(anonymous_8)
FN:104,(anonymous_9)
FNF:10
FNH:0
FNDA:0,(anonymous_0)
FNDA:0,(anonymous_1)
FNDA:0,(anonymous_2)
FNDA:0,(anonymous_3)
FNDA:0,(anonymous_4)
FNDA:0,(anonymous_5)
FNDA:0,(anonymous_6)
FNDA:0,(anonymous_7)
FNDA:0,(anonymous_8)
FNDA:0,(anonymous_9)
DA:1,0
DA:12,0
DA:13,0
DA:22,0
DA:23,0
DA:27,0
DA:36,0
DA:41,0
DA:44,0
DA:46,0
DA:49,0
DA:50,0
DA:51,0
DA:54,0
DA:55,0
DA:56,0
DA:59,0
DA:60,0
DA:61,0
DA:64,0
DA:65,0
DA:67,0
DA:71,0
DA:72,0
DA:75,0
DA:76,0
DA:77,0
DA:78,0
DA:79,0
DA:84,0
DA:85,0
DA:87,0
DA:89,0
DA:90,0
DA:91,0
DA:92,0
DA:93,0
DA:94,0
DA:96,0
DA:100,0
DA:101,0
DA:105,0
DA:106,0
DA:107,0
DA:108,0
DA:109,0
DA:110,0
DA:111,0
DA:112,0
DA:118,0
LF:50
LH:0
BRDA:23,0,0,0
BRDA:23,0,1,0
BRDA:23,0,2,0
BRDA:29,1,0,0
BRDA:29,1,1,0
BRDA:29,2,0,0
BRDA:29,2,1,0
BRDA:29,3,0,0
BRDA:29,3,1,0
BRDA:30,4,0,0
BRDA:30,4,1,0
BRDA:30,5,0,0
BRDA:30,5,1,0
BRDA:30,6,0,0
BRDA:30,6,1,0
BRDA:31,7,0,0
BRDA:31,7,1,0
BRDA:31,8,0,0
BRDA:31,8,1,0
BRDA:31,9,0,0
BRDA:31,9,1,0
BRDA:32,10,0,0
BRDA:32,10,1,0
BRDA:32,11,0,0
BRDA:32,11,1,0
BRDA:32,12,0,0
BRDA:32,12,1,0
BRDA:33,13,0,0
BRDA:33,13,1,0
BRDA:33,14,0,0
BRDA:33,14,1,0
BRDA:33,15,0,0
BRDA:33,15,1,0
BRDA:67,16,0,0
BRDA:67,16,1,0
BRDA:67,16,2,0
BRDA:71,17,0,0
BRDA:71,17,1,0
BRDA:78,18,0,0
BRDA:78,18,1,0
BRDA:85,19,0,0
BRDA:85,19,1,0
BRDA:89,20,0,0
BRDA:89,20,1,0
BRDA:89,21,0,0
BRDA:89,21,1,0
BRDA:89,21,2,0
BRDA:91,22,0,0
BRDA:91,22,1,0
BRDA:91,23,0,0
BRDA:91,23,1,0
BRDA:91,23,2,0
BRDA:93,24,0,0
BRDA:93,24,1,0
BRDA:93,25,0,0
BRDA:93,25,1,0
BRDA:93,25,2,0
BRDA:106,26,0,0
BRDA:106,26,1,0
BRDA:106,26,2,0
BRDA:106,26,3,0
BRDA:106,26,4,0
BRDA:106,26,5,0
BRF:63
BRH:0
end_of_record
TN:
SF:src\pages\Home.tsx
FN:25,Home
FN:48,(anonymous_8)
FN:53,(anonymous_9)
FN:62,(anonymous_10)
FN:90,(anonymous_11)
FN:95,(anonymous_12)
FN:111,(anonymous_13)
FN:125,(anonymous_14)
FN:132,(anonymous_15)
FN:138,(anonymous_16)
FN:138,(anonymous_17)
FN:237,(anonymous_18)
FN:250,(anonymous_19)
FN:341,(anonymous_20)
FN:388,(anonymous_21)
FN:437,(anonymous_22)
FN:466,(anonymous_23)
FN:505,(anonymous_24)
FN:518,(anonymous_25)
FN:535,(anonymous_26)
FN:565,(anonymous_27)
FNF:21
FNH:0
FNDA:0,Home
FNDA:0,(anonymous_8)
FNDA:0,(anonymous_9)
FNDA:0,(anonymous_10)
FNDA:0,(anonymous_11)
FNDA:0,(anonymous_12)
FNDA:0,(anonymous_13)
FNDA:0,(anonymous_14)
FNDA:0,(anonymous_15)
FNDA:0,(anonymous_16)
FNDA:0,(anonymous_17)
FNDA:0,(anonymous_18)
FNDA:0,(anonymous_19)
FNDA:0,(anonymous_20)
FNDA:0,(anonymous_21)
FNDA:0,(anonymous_22)
FNDA:0,(anonymous_23)
FNDA:0,(anonymous_24)
FNDA:0,(anonymous_25)
FNDA:0,(anonymous_26)
FNDA:0,(anonymous_27)
DA:1,0
DA:2,0
DA:3,0
DA:18,0
DA:19,0
DA:20,0
DA:22,0
DA:25,0
DA:26,0
DA:27,0
DA:28,0
DA:29,0
DA:30,0
DA:31,0
DA:32,0
DA:34,0
DA:35,0
DA:38,0
DA:41,0
DA:42,0
DA:48,0
DA:49,0
DA:53,0
DA:54,0
DA:55,0
DA:56,0
DA:58,0
DA:60,0
DA:61,0
DA:62,0
DA:67,0
DA:72,0
DA:73,0
DA:76,0
DA:77,0
DA:83,0
DA:84,0
DA:90,0
DA:91,0
DA:95,0
DA:96,0
DA:98,0
DA:105,0
DA:106,0
DA:107,0
DA:108,0
DA:111,0
DA:112,0
DA:118,0
DA:119,0
DA:120,0
DA:125,0
DA:126,0
DA:127,0
DA:128,0
DA:132,0
DA:133,0
DA:138,0
DA:139,0
DA:140,0
DA:141,0
DA:143,0
DA:145,0
DA:146,0
DA:148,0
DA:151,0
DA:152,0
DA:154,0
DA:159,0
DA:237,0
DA:238,0
DA:239,0
DA:241,0
DA:244,0
DA:245,0
DA:251,0
DA:259,0
DA:342,0
DA:343,0
DA:389,0
DA:438,0
DA:466,0
DA:505,0
DA:518,0
DA:536,0
DA:565,0
LF:86
LH:0
BRDA:58,0,0,0
BRDA:58,0,1,0
BRDA:72,1,0,0
BRDA:72,1,1,0
BRDA:72,2,0,0
BRDA:72,2,1,0
BRDA:76,3,0,0
BRDA:76,3,1,0
BRDA:76,4,0,0
BRDA:76,4,1,0
BRDA:79,5,0,0
BRDA:79,5,1,0
BRDA:79,5,2,0
BRDA:79,6,0,0
BRDA:79,6,1,0
BRDA:79,7,0,0
BRDA:79,7,1,0
BRDA:79,8,0,0
BRDA:79,8,1,0
BRDA:79,9,0,0
BRDA:79,9,1,0
BRDA:96,10,0,0
BRDA:96,10,1,0
BRDA:126,11,0,0
BRDA:126,11,1,0
BRDA:126,12,0,0
BRDA:126,12,1,0
BRDA:145,13,0,0
BRDA:145,13,1,0
BRDA:145,14,0,0
BRDA:145,14,1,0
BRDA:148,15,0,0
BRDA:148,15,1,0
BRDA:152,16,0,0
BRDA:152,16,1,0
BRDA:238,17,0,0
BRDA:238,17,1,0
BRDA:244,18,0,0
BRDA:244,18,1,0
BRDA:265,19,0,0
BRDA:265,19,1,0
BRDA:265,19,2,0
BRDA:265,20,0,0
BRDA:265,20,1,0
BRDA:265,21,0,0
BRDA:265,21,1,0
BRDA:265,22,0,0
BRDA:265,22,1,0
BRDA:265,23,0,0
BRDA:265,23,1,0
BRDA:281,24,0,0
BRDA:281,24,1,0
BRDA:286,25,0,0
BRDA:286,25,1,0
BRDA:291,26,0,0
BRDA:291,26,1,0
BRDA:298,27,0,0
BRDA:298,27,1,0
BRDA:301,28,0,0
BRDA:301,28,1,0
BRDA:303,29,0,0
BRDA:303,29,1,0
BRDA:308,30,0,0
BRDA:308,30,1,0
BRDA:314,31,0,0
BRDA:314,31,1,0
BRDA:315,32,0,0
BRDA:315,32,1,0
BRDA:315,33,0,0
BRDA:315,33,1,0
BRDA:315,33,2,0
BRDA:322,34,0,0
BRDA:322,34,1,0
BRDA:376,35,0,0
BRDA:376,35,1,0
BRDA:376,35,2,0
BRDA:376,35,3,0
BRDA:395,36,0,0
BRDA:395,36,1,0
BRDA:398,37,0,0
BRDA:398,37,1,0
BRDA:401,38,0,0
BRDA:401,38,1,0
BRDA:404,39,0,0
BRDA:404,39,1,0
BRDA:405,40,0,0
BRDA:405,40,1,0
BRDA:429,41,0,0
BRDA:429,41,1,0
BRDA:440,42,0,0
BRDA:440,42,1,0
BRDA:444,43,0,0
BRDA:444,43,1,0
BRDA:451,44,0,0
BRDA:451,44,1,0
BRDA:489,45,0,0
BRDA:489,45,1,0
BRDA:500,46,0,0
BRDA:500,46,1,0
BRDA:527,47,0,0
BRDA:527,47,1,0
BRDA:538,48,0,0
BRDA:538,48,1,0
BRDA:542,49,0,0
BRDA:542,49,1,0
BRDA:549,50,0,0
BRDA:549,50,1,0
BRF:107
BRH:0
end_of_record
TN:
SF:src\pages\InventoryList.tsx
FN:9,InventoryList
FN:33,(anonymous_18)
FN:33,(anonymous_19)
FN:73,(anonymous_20)
FN:73,(anonymous_21)
FN:109,(anonymous_22)
FN:120,(anonymous_23)
FN:120,(anonymous_24)
FN:134,(anonymous_25)
FN:134,(anonymous_26)
FN:139,(anonymous_27)
FN:180,(anonymous_28)
FN:185,(anonymous_29)
FN:195,(anonymous_30)
FN:195,(anonymous_31)
FN:253,(anonymous_32)
FN:272,(anonymous_33)
FN:302,(anonymous_34)
FN:308,(anonymous_35)
FN:385,(anonymous_36)
FN:397,(anonymous_37)
FN:407,(anonymous_38)
FN:425,(anonymous_39)
FN:489,(anonymous_40)
FNF:24
FNH:0
FNDA:0,InventoryList
FNDA:0,(anonymous_18)
FNDA:0,(anonymous_19)
FNDA:0,(anonymous_20)
FNDA:0,(anonymous_21)
FNDA:0,(anonymous_22)
FNDA:0,(anonymous_23)
FNDA:0,(anonymous_24)
FNDA:0,(anonymous_25)
FNDA:0,(anonymous_26)
FNDA:0,(anonymous_27)
FNDA:0,(anonymous_28)
FNDA:0,(anonymous_29)
FNDA:0,(anonymous_30)
FNDA:0,(anonymous_31)
FNDA:0,(anonymous_32)
FNDA:0,(anonymous_33)
FNDA:0,(anonymous_34)
FNDA:0,(anonymous_35)
FNDA:0,(anonymous_36)
FNDA:0,(anonymous_37)
FNDA:0,(anonymous_38)
FNDA:0,(anonymous_39)
FNDA:0,(anonymous_40)
DA:1,0
DA:2,0
DA:3,0
DA:5,0
DA:6,0
DA:7,0
DA:9,0
DA:10,0
DA:11,0
DA:12,0
DA:13,0
DA:14,0
DA:15,0
DA:16,0
DA:17,0
DA:18,0
DA:19,0
DA:20,0
DA:21,0
DA:22,0
DA:23,0
DA:24,0
DA:25,0
DA:26,0
DA:27,0
DA:28,0
DA:29,0
DA:30,0
DA:33,0
DA:34,0
DA:35,0
DA:36,0
DA:51,0
DA:52,0
DA:53,0
DA:55,0
DA:56,0
DA:57,0
DA:58,0
DA:60,0
DA:61,0
DA:63,0
DA:66,0
DA:68,0
DA:73,0
DA:74,0
DA:75,0
DA:76,0
DA:87,0
DA:88,0
DA:89,0
DA:91,0
DA:92,0
DA:93,0
DA:94,0
DA:96,0
DA:97,0
DA:99,0
DA:102,0
DA:104,0
DA:109,0
DA:110,0
DA:111,0
DA:113,0
DA:120,0
DA:121,0
DA:122,0
DA:123,0
DA:124,0
DA:125,0
DA:126,0
DA:129,0
DA:134,0
DA:135,0
DA:136,0
DA:137,0
DA:139,0
DA:142,0
DA:145,0
DA:146,0
DA:149,0
DA:164,0
DA:167,0
DA:170,0
DA:171,0
DA:174,0
DA:180,0
DA:181,0
DA:182,0
DA:185,0
DA:186,0
DA:189,0
DA:195,0
DA:196,0
DA:197,0
DA:198,0
DA:199,0
DA:200,0
DA:201,0
DA:204,0
DA:208,0
DA:254,0
DA:255,0
DA:273,0
DA:303,0
DA:308,0
DA:385,0
DA:397,0
DA:407,0
DA:425,0
DA:490,0
LF:111
LH:0
BRDA:39,0,0,0
BRDA:39,0,1,0
BRDA:40,1,0,0
BRDA:40,1,1,0
BRDA:41,2,0,0
BRDA:41,2,1,0
BRDA:42,3,0,0
BRDA:42,3,1,0
BRDA:43,4,0,0
BRDA:43,4,1,0
BRDA:44,5,0,0
BRDA:44,5,1,0
BRDA:45,6,0,0
BRDA:45,6,1,0
BRDA:46,7,0,0
BRDA:46,7,1,0
BRDA:55,8,0,0
BRDA:55,8,1,0
BRDA:57,9,0,0
BRDA:57,9,1,0
BRDA:79,10,0,0
BRDA:79,10,1,0
BRDA:80,11,0,0
BRDA:80,11,1,0
BRDA:81,12,0,0
BRDA:81,12,1,0
BRDA:82,13,0,0
BRDA:82,13,1,0
BRDA:91,14,0,0
BRDA:91,14,1,0
BRDA:93,15,0,0
BRDA:93,15,1,0
BRDA:110,16,0,0
BRDA:110,16,1,0
BRDA:123,17,0,0
BRDA:123,17,1,0
BRDA:137,18,0,0
BRDA:137,18,1,0
BRDA:157,19,0,0
BRDA:157,19,1,0
BRDA:157,20,0,0
BRDA:157,20,1,0
BRDA:157,21,0,0
BRDA:157,21,1,0
BRDA:198,22,0,0
BRDA:198,22,1,0
BRDA:230,23,0,0
BRDA:230,23,1,0
BRDA:260,24,0,0
BRDA:260,24,1,0
BRDA:265,25,0,0
BRDA:265,25,1,0
BRDA:275,26,0,0
BRDA:275,26,1,0
BRDA:279,27,0,0
BRDA:279,27,1,0
BRDA:290,28,0,0
BRDA:290,28,1,0
BRDA:291,29,0,0
BRDA:291,29,1,0
BRDA:292,30,0,0
BRDA:292,30,1,0
BRDA:301,31,0,0
BRDA:301,31,1,0
BRDA:306,32,0,0
BRDA:306,32,1,0
BRDA:315,33,0,0
BRDA:315,33,1,0
BRDA:320,34,0,0
BRDA:320,34,1,0
BRDA:320,35,0,0
BRDA:320,35,1,0
BRDA:333,36,0,0
BRDA:333,36,1,0
BRDA:336,37,0,0
BRDA:336,37,1,0
BRDA:337,38,0,0
BRDA:337,38,1,0
BRDA:338,39,0,0
BRDA:338,39,1,0
BRDA:343,40,0,0
BRDA:343,40,1,0
BRDA:343,40,2,0
BRDA:343,41,0,0
BRDA:343,41,1,0
BRDA:343,42,0,0
BRDA:343,42,1,0
BRDA:346,43,0,0
BRDA:346,43,1,0
BRDA:346,44,0,0
BRDA:346,44,1,0
BRDA:347,45,0,0
BRDA:347,45,1,0
BRDA:348,46,0,0
BRDA:348,46,1,0
BRDA:349,47,0,0
BRDA:349,47,1,0
BRDA:358,48,0,0
BRDA:358,48,1,0
BRDA:358,49,0,0
BRDA:358,49,1,0
BRDA:304,50,0,0
BRDA:304,50,1,0
BRDA:378,51,0,0
BRDA:378,51,1,0
BRDA:418,52,0,0
BRDA:418,52,1,0
BRDA:418,52,2,0
BRDA:437,53,0,0
BRDA:437,53,1,0
BRDA:437,54,0,0
BRDA:437,54,1,0
BRDA:440,55,0,0
BRDA:440,55,1,0
BRDA:440,56,0,0
BRDA:440,56,1,0
BRDA:447,57,0,0
BRDA:447,57,1,0
BRDA:452,58,0,0
BRDA:452,58,1,0
BRDA:455,59,0,0
BRDA:455,59,1,0
BRDA:456,60,0,0
BRDA:456,60,1,0
BRDA:457,61,0,0
BRDA:457,61,1,0
BRDA:463,62,0,0
BRDA:463,62,1,0
BRDA:465,63,0,0
BRDA:465,63,1,0
BRDA:465,63,2,0
BRDA:465,64,0,0
BRDA:465,64,1,0
BRDA:465,65,0,0
BRDA:465,65,1,0
BRDA:468,66,0,0
BRDA:468,66,1,0
BRDA:468,67,0,0
BRDA:468,67,1,0
BRDA:469,68,0,0
BRDA:469,68,1,0
BRDA:470,69,0,0
BRDA:470,69,1,0
BRDA:471,70,0,0
BRDA:471,70,1,0
BRDA:475,71,0,0
BRDA:475,71,1,0
BRDA:475,72,0,0
BRDA:475,72,1,0
BRDA:485,73,0,0
BRDA:485,73,1,0
BRDA:485,73,2,0
BRDA:502,74,0,0
BRDA:502,74,1,0
BRDA:507,75,0,0
BRDA:507,75,1,0
BRDA:508,76,0,0
BRDA:508,76,1,0
BRDA:509,77,0,0
BRDA:509,77,1,0
BRDA:515,78,0,0
BRDA:515,78,1,0
BRDA:516,79,0,0
BRDA:516,79,1,0
BRDA:517,80,0,0
BRDA:517,80,1,0
BRDA:523,81,0,0
BRDA:523,81,1,0
BRDA:524,82,0,0
BRDA:524,82,1,0
BRDA:525,83,0,0
BRDA:525,83,1,0
BRDA:528,84,0,0
BRDA:528,84,1,0
BRDA:528,84,2,0
BRDA:528,85,0,0
BRDA:528,85,1,0
BRDA:528,86,0,0
BRDA:528,86,1,0
BRDA:532,87,0,0
BRDA:532,87,1,0
BRDA:533,88,0,0
BRDA:533,88,1,0
BRDA:534,89,0,0
BRDA:534,89,1,0
BRF:185
BRH:0
end_of_record
TN:
SF:src\pages\Login.tsx
FN:16,Login
FN:42,(anonymous_8)
FN:58,(anonymous_9)
FN:66,(anonymous_10)
FN:66,(anonymous_11)
FN:110,(anonymous_12)
FN:114,(anonymous_13)
FN:132,(anonymous_14)
FN:132,(anonymous_15)
FN:185,(anonymous_16)
FN:274,(anonymous_17)
FN:306,(anonymous_18)
FNF:12
FNH:0
FNDA:0,Login
FNDA:0,(anonymous_8)
FNDA:0,(anonymous_9)
FNDA:0,(anonymous_10)
FNDA:0,(anonymous_11)
FNDA:0,(anonymous_12)
FNDA:0,(anonymous_13)
FNDA:0,(anonymous_14)
FNDA:0,(anonymous_15)
FNDA:0,(anonymous_16)
FNDA:0,(anonymous_17)
FNDA:0,(anonymous_18)
DA:1,0
DA:2,0
DA:3,0
DA:4,0
DA:5,0
DA:6,0
DA:7,0
DA:9,0
DA:16,0
DA:17,0
DA:18,0
DA:19,0
DA:20,0
DA:21,0
DA:22,0
DA:24,0
DA:25,0
DA:26,0
DA:27,0
DA:28,0
DA:34,0
DA:37,0
DA:38,0
DA:39,0
DA:42,0
DA:43,0
DA:52,0
DA:53,0
DA:58,0
DA:59,0
DA:60,0
DA:61,0
DA:66,0
DA:67,0
DA:68,0
DA:70,0
DA:71,0
DA:74,0
DA:75,0
DA:78,0
DA:110,0
DA:111,0
DA:114,0
DA:119,0
DA:122,0
DA:123,0
DA:126,0
DA:128,0
DA:132,0
DA:133,0
DA:134,0
DA:135,0
DA:138,0
DA:150,0
DA:153,0
DA:154,0
DA:157,0
DA:162,0
DA:164,0
DA:167,0
DA:177,0
DA:179,0
DA:181,0
DA:185,0
DA:186,0
DA:189,0
DA:275,0
DA:276,0
DA:277,0
DA:307,0
LF:70
LH:0
BRDA:52,0,0,0
BRDA:52,0,1,0
BRDA:52,1,0,0
BRDA:52,1,1,0
BRDA:52,2,0,0
BRDA:52,2,1,0
BRDA:59,3,0,0
BRDA:59,3,1,0
BRDA:60,4,0,0
BRDA:60,4,1,0
BRDA:60,5,0,0
BRDA:60,5,1,0
BRDA:60,6,0,0
BRDA:60,6,1,0
BRDA:78,7,0,0
BRDA:78,7,1,0
BRDA:139,8,0,0
BRDA:139,8,1,0
BRDA:140,9,0,0
BRDA:140,9,1,0
BRDA:153,10,0,0
BRDA:153,10,1,0
BRDA:170,11,0,0
BRDA:170,11,1,0
BRDA:171,12,0,0
BRDA:171,12,1,0
BRDA:179,13,0,0
BRDA:179,13,1,0
BRDA:209,14,0,0
BRDA:209,14,1,0
BRDA:215,15,0,0
BRDA:215,15,1,0
BRDA:216,16,0,0
BRDA:216,16,1,0
BRDA:216,17,0,0
BRDA:216,17,1,0
BRDA:216,18,0,0
BRDA:216,18,1,0
BRDA:220,19,0,0
BRDA:220,19,1,0
BRDA:222,20,0,0
BRDA:222,20,1,0
BRDA:223,21,0,0
BRDA:223,21,1,0
BRDA:224,22,0,0
BRDA:224,22,1,0
BRDA:225,23,0,0
BRDA:225,23,1,0
BRDA:236,24,0,0
BRDA:236,24,1,0
BRDA:240,25,0,0
BRDA:240,25,1,0
BRDA:240,26,0,0
BRDA:240,26,1,0
BRDA:240,27,0,0
BRDA:240,27,1,0
BRDA:247,28,0,0
BRDA:247,28,1,0
BRDA:249,29,0,0
BRDA:249,29,1,0
BRDA:250,30,0,0
BRDA:250,30,1,0
BRDA:251,31,0,0
BRDA:251,31,1,0
BRDA:252,32,0,0
BRDA:252,32,1,0
BRDA:253,33,0,0
BRDA:253,33,1,0
BRDA:254,34,0,0
BRDA:254,34,1,0
BRDA:260,35,0,0
BRDA:260,35,1,0
BRDA:267,36,0,0
BRDA:267,36,1,0
BRDA:275,37,0,0
BRDA:275,37,1,0
BRDA:276,38,0,0
BRDA:276,38,1,0
BRDA:280,39,0,0
BRDA:280,39,1,0
BRDA:285,40,0,0
BRDA:285,40,1,0
BRDA:286,41,0,0
BRDA:286,41,1,0
BRDA:289,42,0,0
BRDA:289,42,1,0
BRDA:294,43,0,0
BRDA:294,43,1,0
BRDA:294,43,2,0
BRDA:303,44,0,0
BRDA:303,44,1,0
BRDA:321,45,0,0
BRDA:321,45,1,0
BRDA:328,46,0,0
BRDA:328,46,1,0
BRDA:328,46,2,0
BRDA:350,47,0,0
BRDA:350,47,1,0
BRDA:361,48,0,0
BRDA:361,48,1,0
BRDA:374,49,0,0
BRDA:374,49,1,0
BRDA:377,50,0,0
BRDA:377,50,1,0
BRDA:393,51,0,0
BRDA:393,51,1,0
BRDA:400,52,0,0
BRDA:400,52,1,0
BRDA:412,53,0,0
BRDA:412,53,1,0
BRDA:439,54,0,0
BRDA:439,54,1,0
BRDA:439,55,0,0
BRDA:439,55,1,0
BRDA:439,56,0,0
BRDA:439,56,1,0
BRF:116
BRH:0
end_of_record
TN:
SF:src\pages\ProductEntry.tsx
FN:4,ProductEntry
FNF:1
FNH:0
FNDA:0,ProductEntry
DA:2,0
DA:4,0
DA:5,0
LF:3
LH:0
BRF:0
BRH:0
end_of_record
TN:
SF:src\pages\ProductList.tsx
FN:4,ProductList
FNF:1
FNH:0
FNDA:0,ProductList
DA:2,0
DA:4,0
DA:5,0
LF:3
LH:0
BRF:0
BRH:0
end_of_record
TN:
SF:src\pages\PurchaseEntry.tsx
FN:38,(anonymous_17)
FN:43,(anonymous_18)
FN:47,(anonymous_19)
FN:52,(anonymous_20)
FN:62,(anonymous_21)
FN:97,PurchaseEntry
FN:130,(anonymous_23)
FN:148,(anonymous_24)
FN:182,(anonymous_25)
FN:183,(anonymous_26)
FN:188,(anonymous_27)
FN:189,(anonymous_28)
FN:197,(anonymous_29)
FN:241,(anonymous_30)
FN:284,(anonymous_31)
FN:301,(anonymous_32)
FN:307,(anonymous_33)
FN:314,(anonymous_34)
FN:314,(anonymous_35)
FN:345,(anonymous_36)
FN:346,(anonymous_37)
FN:347,(anonymous_38)
FN:352,(anonymous_39)
FN:353,(anonymous_40)
FN:354,(anonymous_41)
FN:378,(anonymous_42)
FN:391,(anonymous_43)
FN:404,(anonymous_44)
FN:416,(anonymous_45)
FN:474,(anonymous_46)
FN:482,(anonymous_47)
FN:492,(anonymous_48)
FN:521,(anonymous_49)
FN:521,(anonymous_50)
FN:535,(anonymous_51)
FN:565,(anonymous_52)
FN:566,(anonymous_53)
FN:613,(anonymous_54)
FN:615,(anonymous_55)
FN:626,(anonymous_56)
FN:653,(anonymous_57)
FN:658,(anonymous_58)
FN:769,(anonymous_59)
FN:812,(anonymous_60)
FN:819,(anonymous_61)
FN:819,(anonymous_62)
FN:898,(anonymous_63)
FN:898,(anonymous_64)
FN:934,(anonymous_65)
FN:942,(anonymous_66)
FN:951,(anonymous_67)
FN:957,(anonymous_68)
FN:959,(anonymous_69)
FN:965,(anonymous_70)
FN:982,(anonymous_71)
FN:1017,(anonymous_72)
FN:1018,(anonymous_73)
FN:1021,(anonymous_74)
FN:1056,(anonymous_75)
FN:1069,(anonymous_76)
FN:1069,(anonymous_77)
FN:1146,(anonymous_78)
FN:1146,(anonymous_79)
FN:1183,(anonymous_80)
FN:1183,(anonymous_81)
FN:1193,(anonymous_82)
FN:1193,(anonymous_83)
FN:1194,(anonymous_84)
FN:1194,(anonymous_85)
FN:1204,(anonymous_86)
FN:1240,(anonymous_87)
FN:1240,(anonymous_88)
FN:1341,(anonymous_89)
FN:1369,(anonymous_90)
FN:1369,(anonymous_91)
FN:1437,(anonymous_92)
FN:1480,(anonymous_93)
FN:1518,(anonymous_94)
FN:1562,(anonymous_95)
FN:1585,(anonymous_96)
FN:1611,(anonymous_97)
FN:1612,(anonymous_98)
FN:1619,(anonymous_99)
FN:1646,(anonymous_100)
FN:1678,(anonymous_101)
FN:1687,(anonymous_102)
FN:1709,(anonymous_103)
FN:1716,(anonymous_104)
FN:1719,(anonymous_105)
FN:1742,(anonymous_106)
FN:1750,(anonymous_107)
FN:1764,(anonymous_108)
FN:1785,(anonymous_109)
FN:1815,(anonymous_110)
FN:1851,(anonymous_111)
FN:1870,(anonymous_112)
FN:1877,(anonymous_113)
FN:1944,(anonymous_114)
FN:1948,(anonymous_115)
FN:1964,(anonymous_116)
FN:1967,(anonymous_117)
FN:2046,(anonymous_118)
FN:2062,(anonymous_119)
FN:2095,(anonymous_120)
FN:2111,(anonymous_121)
FN:2126,(anonymous_122)
FN:2141,(anonymous_123)
FN:2156,(anonymous_124)
FN:2170,(anonymous_125)
FN:2180,(anonymous_126)
FN:2205,(anonymous_127)
FN:2215,(anonymous_128)
FN:2234,(anonymous_129)
FN:2246,(anonymous_130)
FN:2261,(anonymous_131)
FN:2282,(anonymous_132)
FN:2282,(anonymous_133)
FN:2307,(anonymous_134)
FN:2307,(anonymous_135)
FN:2338,(anonymous_136)
FN:2349,(anonymous_137)
FN:2358,(anonymous_138)
FN:2368,(anonymous_139)
FN:2371,(anonymous_140)
FN:2372,(anonymous_141)
FN:2386,(anonymous_142)
FN:2470,(anonymous_143)
FNF:127
FNH:0
FNDA:0,(anonymous_17)
FNDA:0,(anonymous_18)
FNDA:0,(anonymous_19)
FNDA:0,(anonymous_20)
FNDA:0,(anonymous_21)
FNDA:0,PurchaseEntry
FNDA:0,(anonymous_23)
FNDA:0,(anonymous_24)
FNDA:0,(anonymous_25)
FNDA:0,(anonymous_26)
FNDA:0,(anonymous_27)
FNDA:0,(anonymous_28)
FNDA:0,(anonymous_29)
FNDA:0,(anonymous_30)
FNDA:0,(anonymous_31)
FNDA:0,(anonymous_32)
FNDA:0,(anonymous_33)
FNDA:0,(anonymous_34)
FNDA:0,(anonymous_35)
FNDA:0,(anonymous_36)
FNDA:0,(anonymous_37)
FNDA:0,(anonymous_38)
FNDA:0,(anonymous_39)
FNDA:0,(anonymous_40)
FNDA:0,(anonymous_41)
FNDA:0,(anonymous_42)
FNDA:0,(anonymous_43)
FNDA:0,(anonymous_44)
FNDA:0,(anonymous_45)
FNDA:0,(anonymous_46)
FNDA:0,(anonymous_47)
FNDA:0,(anonymous_48)
FNDA:0,(anonymous_49)
FNDA:0,(anonymous_50)
FNDA:0,(anonymous_51)
FNDA:0,(anonymous_52)
FNDA:0,(anonymous_53)
FNDA:0,(anonymous_54)
FNDA:0,(anonymous_55)
FNDA:0,(anonymous_56)
FNDA:0,(anonymous_57)
FNDA:0,(anonymous_58)
FNDA:0,(anonymous_59)
FNDA:0,(anonymous_60)
FNDA:0,(anonymous_61)
FNDA:0,(anonymous_62)
FNDA:0,(anonymous_63)
FNDA:0,(anonymous_64)
FNDA:0,(anonymous_65)
FNDA:0,(anonymous_66)
FNDA:0,(anonymous_67)
FNDA:0,(anonymous_68)
FNDA:0,(anonymous_69)
FNDA:0,(anonymous_70)
FNDA:0,(anonymous_71)
FNDA:0,(anonymous_72)
FNDA:0,(anonymous_73)
FNDA:0,(anonymous_74)
FNDA:0,(anonymous_75)
FNDA:0,(anonymous_76)
FNDA:0,(anonymous_77)
FNDA:0,(anonymous_78)
FNDA:0,(anonymous_79)
FNDA:0,(anonymous_80)
FNDA:0,(anonymous_81)
FNDA:0,(anonymous_82)
FNDA:0,(anonymous_83)
FNDA:0,(anonymous_84)
FNDA:0,(anonymous_85)
FNDA:0,(anonymous_86)
FNDA:0,(anonymous_87)
FNDA:0,(anonymous_88)
FNDA:0,(anonymous_89)
FNDA:0,(anonymous_90)
FNDA:0,(anonymous_91)
FNDA:0,(anonymous_92)
FNDA:0,(anonymous_93)
FNDA:0,(anonymous_94)
FNDA:0,(anonymous_95)
FNDA:0,(anonymous_96)
FNDA:0,(anonymous_97)
FNDA:0,(anonymous_98)
FNDA:0,(anonymous_99)
FNDA:0,(anonymous_100)
FNDA:0,(anonymous_101)
FNDA:0,(anonymous_102)
FNDA:0,(anonymous_103)
FNDA:0,(anonymous_104)
FNDA:0,(anonymous_105)
FNDA:0,(anonymous_106)
FNDA:0,(anonymous_107)
FNDA:0,(anonymous_108)
FNDA:0,(anonymous_109)
FNDA:0,(anonymous_110)
FNDA:0,(anonymous_111)
FNDA:0,(anonymous_112)
FNDA:0,(anonymous_113)
FNDA:0,(anonymous_114)
FNDA:0,(anonymous_115)
FNDA:0,(anonymous_116)
FNDA:0,(anonymous_117)
FNDA:0,(anonymous_118)
FNDA:0,(anonymous_119)
FNDA:0,(anonymous_120)
FNDA:0,(anonymous_121)
FNDA:0,(anonymous_122)
FNDA:0,(anonymous_123)
FNDA:0,(anonymous_124)
FNDA:0,(anonymous_125)
FNDA:0,(anonymous_126)
FNDA:0,(anonymous_127)
FNDA:0,(anonymous_128)
FNDA:0,(anonymous_129)
FNDA:0,(anonymous_130)
FNDA:0,(anonymous_131)
FNDA:0,(anonymous_132)
FNDA:0,(anonymous_133)
FNDA:0,(anonymous_134)
FNDA:0,(anonymous_135)
FNDA:0,(anonymous_136)
FNDA:0,(anonymous_137)
FNDA:0,(anonymous_138)
FNDA:0,(anonymous_139)
FNDA:0,(anonymous_140)
FNDA:0,(anonymous_141)
FNDA:0,(anonymous_142)
FNDA:0,(anonymous_143)
DA:1,0
DA:3,0
DA:4,0
DA:15,0
DA:16,0
DA:17,0
DA:18,0
DA:19,0
DA:20,0
DA:21,0
DA:22,0
DA:23,0
DA:24,0
DA:31,0
DA:39,0
DA:40,0
DA:44,0
DA:48,0
DA:49,0
DA:53,0
DA:54,0
DA:63,0
DA:74,0
DA:97,0
DA:101,0
DA:104,0
DA:107,0
DA:110,0
DA:111,0
DA:114,0
DA:115,0
DA:116,0
DA:117,0
DA:118,0
DA:119,0
DA:124,0
DA:127,0
DA:130,0
DA:131,0
DA:133,0
DA:135,0
DA:137,0
DA:139,0
DA:141,0
DA:143,0
DA:148,0
DA:149,0
DA:151,0
DA:152,0
DA:153,0
DA:154,0
DA:156,0
DA:160,0
DA:163,0
DA:164,0
DA:165,0
DA:182,0
DA:183,0
DA:184,0
DA:186,0
DA:188,0
DA:190,0
DA:191,0
DA:197,0
DA:198,0
DA:201,0
DA:205,0
DA:219,0
DA:241,0
DA:242,0
DA:244,0
DA:245,0
DA:247,0
DA:249,0
DA:250,0
DA:251,0
DA:254,0
DA:255,0
DA:256,0
DA:257,0
DA:260,0
DA:261,0
DA:266,0
DA:267,0
DA:268,0
DA:269,0
DA:274,0
DA:275,0
DA:276,0
DA:277,0
DA:278,0
DA:279,0
DA:284,0
DA:285,0
DA:286,0
DA:287,0
DA:288,0
DA:291,0
DA:292,0
DA:293,0
DA:295,0
DA:296,0
DA:301,0
DA:302,0
DA:303,0
DA:307,0
DA:308,0
DA:314,0
DA:315,0
DA:316,0
DA:317,0
DA:323,0
DA:325,0
DA:339,0
DA:341,0
DA:342,0
DA:343,0
DA:345,0
DA:346,0
DA:347,0
DA:349,0
DA:350,0
DA:352,0
DA:353,0
DA:354,0
DA:358,0
DA:360,0
DA:362,0
DA:364,0
DA:365,0
DA:366,0
DA:368,0
DA:369,0
DA:371,0
DA:372,0
DA:373,0
DA:374,0
DA:378,0
DA:379,0
DA:380,0
DA:383,0
DA:384,0
DA:385,0
DA:389,0
DA:391,0
DA:392,0
DA:393,0
DA:394,0
DA:400,0
DA:404,0
DA:405,0
DA:407,0
DA:408,0
DA:416,0
DA:417,0
DA:419,0
DA:420,0
DA:421,0
DA:425,0
DA:426,0
DA:429,0
DA:430,0
DA:433,0
DA:440,0
DA:441,0
DA:444,0
DA:445,0
DA:446,0
DA:447,0
DA:451,0
DA:452,0
DA:455,0
DA:458,0
DA:459,0
DA:460,0
DA:461,0
DA:462,0
DA:466,0
DA:467,0
DA:469,0
DA:474,0
DA:475,0
DA:476,0
DA:479,0
DA:480,0
DA:482,0
DA:483,0
DA:485,0
DA:488,0
DA:492,0
DA:493,0
DA:503,0
DA:504,0
DA:505,0
DA:508,0
DA:509,0
DA:510,0
DA:512,0
DA:521,0
DA:522,0
DA:523,0
DA:526,0
DA:527,0
DA:528,0
DA:529,0
DA:532,0
DA:535,0
DA:536,0
DA:537,0
DA:538,0
DA:540,0
DA:541,0
DA:544,0
DA:551,0
DA:557,0
DA:558,0
DA:560,0
DA:562,0
DA:564,0
DA:565,0
DA:566,0
DA:567,0
DA:568,0
DA:569,0
DA:571,0
DA:579,0
DA:580,0
DA:582,0
DA:584,0
DA:586,0
DA:589,0
DA:597,0
DA:598,0
DA:600,0
DA:601,0
DA:602,0
DA:604,0
DA:606,0
DA:608,0
DA:613,0
DA:615,0
DA:616,0
DA:617,0
DA:626,0
DA:627,0
DA:628,0
DA:629,0
DA:631,0
DA:632,0
DA:633,0
DA:634,0
DA:635,0
DA:636,0
DA:637,0
DA:638,0
DA:639,0
DA:640,0
DA:641,0
DA:642,0
DA:643,0
DA:644,0
DA:645,0
DA:646,0
DA:649,0
DA:653,0
DA:655,0
DA:658,0
DA:659,0
DA:660,0
DA:663,0
DA:664,0
DA:668,0
DA:669,0
DA:673,0
DA:674,0
DA:677,0
DA:681,0
DA:696,0
DA:697,0
DA:698,0
DA:699,0
DA:703,0
DA:705,0
DA:706,0
DA:708,0
DA:709,0
DA:710,0
DA:715,0
DA:716,0
DA:717,0
DA:720,0
DA:721,0
DA:722,0
DA:723,0
DA:725,0
DA:727,0
DA:728,0
DA:729,0
DA:730,0
DA:732,0
DA:734,0
DA:735,0
DA:736,0
DA:737,0
DA:739,0
DA:742,0
DA:745,0
DA:746,0
DA:747,0
DA:751,0
DA:752,0
DA:753,0
DA:754,0
DA:758,0
DA:759,0
DA:762,0
DA:763,0
DA:769,0
DA:770,0
DA:773,0
DA:774,0
DA:775,0
DA:779,0
DA:780,0
DA:781,0
DA:782,0
DA:783,0
DA:787,0
DA:788,0
DA:790,0
DA:794,0
DA:795,0
DA:796,0
DA:797,0
DA:798,0
DA:799,0
DA:802,0
DA:803,0
DA:804,0
DA:807,0
DA:808,0
DA:812,0
DA:813,0
DA:814,0
DA:815,0
DA:819,0
DA:820,0
DA:823,0
DA:824,0
DA:825,0
DA:829,0
DA:830,0
DA:831,0
DA:834,0
DA:836,0
DA:838,0
DA:839,0
DA:842,0
DA:843,0
DA:845,0
DA:852,0
DA:860,0
DA:861,0
DA:865,0
DA:868,0
DA:869,0
DA:870,0
DA:871,0
DA:873,0
DA:874,0
DA:877,0
DA:878,0
DA:880,0
DA:881,0
DA:883,0
DA:885,0
DA:886,0
DA:887,0
DA:890,0
DA:891,0
DA:893,0
DA:894,0
DA:898,0
DA:903,0
DA:906,0
DA:908,0
DA:909,0
DA:911,0
DA:915,0
DA:917,0
DA:918,0
DA:920,0
DA:924,0
DA:927,0
DA:934,0
DA:935,0
DA:942,0
DA:943,0
DA:944,0
DA:945,0
DA:947,0
DA:951,0
DA:952,0
DA:957,0
DA:959,0
DA:960,0
DA:961,0
DA:965,0
DA:982,0
DA:983,0
DA:985,0
DA:986,0
DA:987,0
DA:991,0
DA:992,0
DA:993,0
DA:997,0
DA:998,0
DA:999,0
DA:1002,0
DA:1009,0
DA:1011,0
DA:1012,0
DA:1017,0
DA:1018,0
DA:1019,0
DA:1021,0
DA:1022,0
DA:1023,0
DA:1025,0
DA:1032,0
DA:1040,0
DA:1041,0
DA:1042,0
DA:1045,0
DA:1047,0
DA:1048,0
DA:1051,0
DA:1052,0
DA:1056,0
DA:1057,0
DA:1058,0
DA:1059,0
DA:1060,0
DA:1064,0
DA:1069,0
DA:1070,0
DA:1072,0
DA:1075,0
DA:1076,0
DA:1077,0
DA:1081,0
DA:1082,0
DA:1083,0
DA:1086,0
DA:1089,0
DA:1092,0
DA:1093,0
DA:1094,0
DA:1095,0
DA:1096,0
DA:1099,0
DA:1101,0
DA:1102,0
DA:1105,0
DA:1106,0
DA:1109,0
DA:1110,0
DA:1114,0
DA:1115,0
DA:1116,0
DA:1117,0
DA:1118,0
DA:1119,0
DA:1121,0
DA:1122,0
DA:1125,0
DA:1126,0
DA:1128,0
DA:1129,0
DA:1131,0
DA:1133,0
DA:1134,0
DA:1135,0
DA:1138,0
DA:1139,0
DA:1141,0
DA:1142,0
DA:1146,0
DA:1151,0
DA:1152,0
DA:1153,0
DA:1155,0
DA:1158,0
DA:1161,0
DA:1162,0
DA:1163,0
DA:1164,0
DA:1165,0
DA:1167,0
DA:1170,0
DA:1174,0
DA:1176,0
DA:1178,0
DA:1183,0
DA:1184,0
DA:1186,0
DA:1188,0
DA:1189,0
DA:1193,0
DA:1194,0
DA:1196,0
DA:1198,0
DA:1199,0
DA:1204,0
DA:1206,0
DA:1207,0
DA:1208,0
DA:1211,0
DA:1212,0
DA:1213,0
DA:1214,0
DA:1215,0
DA:1219,0
DA:1220,0
DA:1221,0
DA:1222,0
DA:1223,0
DA:1227,0
DA:1228,0
DA:1229,0
DA:1230,0
DA:1231,0
DA:1234,0
DA:1240,0
DA:1241,0
DA:1242,0
DA:1243,0
DA:1246,0
DA:1247,0
DA:1248,0
DA:1249,0
DA:1250,0
DA:1252,0
DA:1253,0
DA:1260,0
DA:1263,0
DA:1264,0
DA:1265,0
DA:1269,0
DA:1270,0
DA:1271,0
DA:1275,0
DA:1276,0
DA:1278,0
DA:1279,0
DA:1282,0
DA:1283,0
DA:1288,0
DA:1289,0
DA:1290,0
DA:1292,0
DA:1293,0
DA:1294,0
DA:1298,0
DA:1299,0
DA:1300,0
DA:1302,0
DA:1303,0
DA:1304,0
DA:1308,0
DA:1309,0
DA:1313,0
DA:1314,0
DA:1315,0
DA:1319,0
DA:1320,0
DA:1321,0
DA:1325,0
DA:1326,0
DA:1327,0
DA:1328,0
DA:1330,0
DA:1331,0
DA:1335,0
DA:1336,0
DA:1337,0
DA:1341,0
DA:1342,0
DA:1347,0
DA:1348,0
DA:1350,0
DA:1354,0
DA:1356,0
DA:1359,0
DA:1360,0
DA:1362,0
DA:1369,0
DA:1370,0
DA:1376,0
DA:1377,0
DA:1378,0
DA:1382,0
DA:1383,0
DA:1384,0
DA:1387,0
DA:1389,0
DA:1393,0
DA:1394,0
DA:1395,0
DA:1396,0
DA:1400,0
DA:1401,0
DA:1402,0
DA:1403,0
DA:1407,0
DA:1409,0
DA:1410,0
DA:1411,0
DA:1412,0
DA:1414,0
DA:1415,0
DA:1416,0
DA:1417,0
DA:1419,0
DA:1420,0
DA:1421,0
DA:1422,0
DA:1424,0
DA:1426,0
DA:1427,0
DA:1428,0
DA:1429,0
DA:1431,0
DA:1432,0
DA:1433,0
DA:1434,0
DA:1437,0
DA:1438,0
DA:1439,0
DA:1440,0
DA:1441,0
DA:1443,0
DA:1445,0
DA:1446,0
DA:1447,0
DA:1448,0
DA:1450,0
DA:1451,0
DA:1452,0
DA:1453,0
DA:1455,0
DA:1456,0
DA:1457,0
DA:1458,0
DA:1460,0
DA:1462,0
DA:1463,0
DA:1464,0
DA:1465,0
DA:1467,0
DA:1468,0
DA:1469,0
DA:1470,0
DA:1472,0
DA:1473,0
DA:1474,0
DA:1475,0
DA:1480,0
DA:1481,0
DA:1482,0
DA:1483,0
DA:1484,0
DA:1485,0
DA:1486,0
DA:1488,0
DA:1491,0
DA:1510,0
DA:1511,0
DA:1513,0
DA:1514,0
DA:1515,0
DA:1518,0
DA:1520,0
DA:1521,0
DA:1522,0
DA:1524,0
DA:1527,0
DA:1528,0
DA:1529,0
DA:1531,0
DA:1532,0
DA:1533,0
DA:1535,0
DA:1538,0
DA:1539,0
DA:1542,0
DA:1543,0
DA:1545,0
DA:1546,0
DA:1550,0
DA:1564,0
DA:1565,0
DA:1567,0
DA:1568,0
DA:1569,0
DA:1586,0
DA:1588,0
DA:1589,0
DA:1591,0
DA:1592,0
DA:1593,0
DA:1595,0
DA:1597,0
DA:1611,0
DA:1613,0
DA:1614,0
DA:1619,0
DA:1646,0
DA:1678,0
DA:1687,0
DA:1710,0
DA:1711,0
DA:1712,0
DA:1717,0
DA:1719,0
DA:1720,0
DA:1728,0
DA:1729,0
DA:1731,0
DA:1732,0
DA:1737,0
DA:1738,0
DA:1741,0
DA:1743,0
DA:1746,0
DA:1747,0
DA:1748,0
DA:1750,0
DA:1751,0
DA:1756,0
DA:1757,0
DA:1758,0
DA:1761,0
DA:1765,0
DA:1766,0
DA:1786,0
DA:1787,0
DA:1792,0
DA:1793,0
DA:1799,0
DA:1801,0
DA:1802,0
DA:1808,0
DA:1813,0
DA:1814,0
DA:1815,0
DA:1816,0
DA:1837,0
DA:1846,0
DA:1849,0
DA:1850,0
DA:1851,0
DA:1852,0
DA:1853,0
DA:1855,0
DA:1857,0
DA:1861,0
DA:1872,0
DA:1873,0
DA:1875,0
DA:1879,0
DA:1880,0
DA:1883,0
DA:1892,0
DA:1893,0
DA:1896,0
DA:1897,0
DA:1898,0
DA:1901,0
DA:1902,0
DA:1903,0
DA:1904,0
DA:1905,0
DA:1906,0
DA:1907,0
DA:1908,0
DA:1909,0
DA:1910,0
DA:1911,0
DA:1912,0
DA:1913,0
DA:1914,0
DA:1915,0
DA:1916,0
DA:1917,0
DA:1918,0
DA:1920,0
DA:1921,0
DA:1924,0
DA:1925,0
DA:1928,0
DA:1929,0
DA:1930,0
DA:1933,0
DA:1945,0
DA:1946,0
DA:1949,0
DA:1955,0
DA:1956,0
DA:1965,0
DA:1966,0
DA:1967,0
DA:2047,0
DA:2048,0
DA:2063,0
DA:2064,0
DA:2095,0
DA:2111,0
DA:2126,0
DA:2141,0
DA:2156,0
DA:2170,0
DA:2180,0
DA:2205,0
DA:2215,0
DA:2234,0
DA:2246,0
DA:2262,0
DA:2273,0
DA:2282,0
DA:2283,0
DA:2284,0
DA:2285,0
DA:2286,0
DA:2287,0
DA:2293,0
DA:2294,0
DA:2296,0
DA:2297,0
DA:2307,0
DA:2308,0
DA:2309,0
DA:2310,0
DA:2314,0
DA:2338,0
DA:2350,0
DA:2351,0
DA:2353,0
DA:2354,0
DA:2356,0
DA:2358,0
DA:2369,0
DA:2371,0
DA:2374,0
DA:2386,0
DA:2471,0
DA:2472,0
DA:2473,0
DA:2474,0
LF:860
LH:0
BRDA:53,0,0,0
BRDA:53,0,1,0
BRDA:59,1,0,0
BRDA:59,1,1,0
BRDA:59,2,0,0
BRDA:59,2,1,0
BRDA:124,3,0,0
BRDA:124,3,1,0
BRDA:127,4,0,0
BRDA:127,4,1,0
BRDA:127,5,0,0
BRDA:127,5,1,0
BRDA:127,5,2,0
BRDA:131,6,0,0
BRDA:131,6,1,0
BRDA:133,7,0,0
BRDA:133,7,1,0
BRDA:133,7,2,0
BRDA:133,7,3,0
BRDA:133,7,4,0
BRDA:135,8,0,0
BRDA:135,8,1,0
BRDA:137,9,0,0
BRDA:137,9,1,0
BRDA:139,10,0,0
BRDA:139,10,1,0
BRDA:141,11,0,0
BRDA:141,11,1,0
BRDA:149,12,0,0
BRDA:149,12,1,0
BRDA:151,13,0,0
BRDA:151,13,1,0
BRDA:151,14,0,0
BRDA:151,14,1,0
BRDA:153,15,0,0
BRDA:153,15,1,0
BRDA:153,16,0,0
BRDA:153,16,1,0
BRDA:184,17,0,0
BRDA:184,17,1,0
BRDA:188,18,0,0
BRDA:188,18,1,0
BRDA:223,19,0,0
BRDA:223,19,1,0
BRDA:225,20,0,0
BRDA:225,20,1,0
BRDA:228,21,0,0
BRDA:228,21,1,0
BRDA:234,22,0,0
BRDA:234,22,1,0
BRDA:245,23,0,0
BRDA:245,23,1,0
BRDA:245,24,0,0
BRDA:245,24,1,0
BRDA:247,25,0,0
BRDA:247,25,1,0
BRDA:255,26,0,0
BRDA:255,26,1,0
BRDA:291,27,0,0
BRDA:291,27,1,0
BRDA:291,28,0,0
BRDA:291,28,1,0
BRDA:318,29,0,0
BRDA:318,29,1,0
BRDA:318,30,0,0
BRDA:318,30,1,0
BRDA:320,31,0,0
BRDA:320,31,1,0
BRDA:320,32,0,0
BRDA:320,32,1,0
BRDA:330,33,0,0
BRDA:330,33,1,0
BRDA:331,34,0,0
BRDA:331,34,1,0
BRDA:332,35,0,0
BRDA:332,35,1,0
BRDA:332,36,0,0
BRDA:332,36,1,0
BRDA:332,37,0,0
BRDA:332,37,1,0
BRDA:332,38,0,0
BRDA:332,38,1,0
BRDA:332,39,0,0
BRDA:332,39,1,0
BRDA:333,40,0,0
BRDA:333,40,1,0
BRDA:334,41,0,0
BRDA:334,41,1,0
BRDA:334,42,0,0
BRDA:334,42,1,0
BRDA:341,43,0,0
BRDA:341,43,1,0
BRDA:341,44,0,0
BRDA:341,44,1,0
BRDA:341,45,0,0
BRDA:341,45,1,0
BRDA:349,46,0,0
BRDA:349,46,1,0
BRDA:358,47,0,0
BRDA:358,47,1,0
BRDA:358,48,0,0
BRDA:358,48,1,0
BRDA:362,49,0,0
BRDA:362,49,1,0
BRDA:362,50,0,0
BRDA:362,50,1,0
BRDA:366,51,0,0
BRDA:366,51,1,0
BRDA:379,52,0,0
BRDA:379,52,1,0
BRDA:380,53,0,0
BRDA:380,53,1,0
BRDA:383,54,0,0
BRDA:383,54,1,0
BRDA:389,55,0,0
BRDA:389,55,1,0
BRDA:392,56,0,0
BRDA:392,56,1,0
BRDA:393,57,0,0
BRDA:393,57,1,0
BRDA:405,58,0,0
BRDA:405,58,1,0
BRDA:405,58,2,0
BRDA:407,59,0,0
BRDA:407,59,1,0
BRDA:419,60,0,0
BRDA:419,60,1,0
BRDA:436,61,0,0
BRDA:436,61,1,0
BRDA:440,62,0,0
BRDA:440,62,1,0
BRDA:444,63,0,0
BRDA:444,63,1,0
BRDA:444,64,0,0
BRDA:444,64,1,0
BRDA:445,65,0,0
BRDA:445,65,1,0
BRDA:445,66,0,0
BRDA:445,66,1,0
BRDA:446,67,0,0
BRDA:446,67,1,0
BRDA:458,68,0,0
BRDA:458,68,1,0
BRDA:458,69,0,0
BRDA:458,69,1,0
BRDA:458,70,0,0
BRDA:458,70,1,0
BRDA:459,71,0,0
BRDA:459,71,1,0
BRDA:459,72,0,0
BRDA:459,72,1,0
BRDA:460,73,0,0
BRDA:460,73,1,0
BRDA:460,74,0,0
BRDA:460,74,1,0
BRDA:461,75,0,0
BRDA:461,75,1,0
BRDA:479,76,0,0
BRDA:479,76,1,0
BRDA:497,77,0,0
BRDA:497,77,1,0
BRDA:497,78,0,0
BRDA:497,78,1,0
BRDA:498,79,0,0
BRDA:498,79,1,0
BRDA:498,80,0,0
BRDA:498,80,1,0
BRDA:503,81,0,0
BRDA:503,81,1,0
BRDA:526,82,0,0
BRDA:526,82,1,0
BRDA:528,83,0,0
BRDA:528,83,1,0
BRDA:528,84,0,0
BRDA:528,84,1,0
BRDA:536,85,0,0
BRDA:536,85,1,0
BRDA:546,86,0,0
BRDA:546,86,1,0
BRDA:546,87,0,0
BRDA:546,87,1,0
BRDA:562,88,0,0
BRDA:562,88,1,0
BRDA:562,89,0,0
BRDA:562,89,1,0
BRDA:579,90,0,0
BRDA:579,90,1,0
BRDA:579,91,0,0
BRDA:579,91,1,0
BRDA:584,92,0,0
BRDA:584,92,1,0
BRDA:591,93,0,0
BRDA:591,93,1,0
BRDA:591,94,0,0
BRDA:591,94,1,0
BRDA:592,95,0,0
BRDA:592,95,1,0
BRDA:592,96,0,0
BRDA:592,96,1,0
BRDA:593,97,0,0
BRDA:593,97,1,0
BRDA:593,98,0,0
BRDA:593,98,1,0
BRDA:597,99,0,0
BRDA:597,99,1,0
BRDA:597,100,0,0
BRDA:597,100,1,0
BRDA:597,101,0,0
BRDA:597,101,1,0
BRDA:597,102,0,0
BRDA:597,102,1,0
BRDA:597,103,0,0
BRDA:597,103,1,0
BRDA:601,104,0,0
BRDA:601,104,1,0
BRDA:601,105,0,0
BRDA:601,105,1,0
BRDA:601,106,0,0
BRDA:601,106,1,0
BRDA:601,107,0,0
BRDA:601,107,1,0
BRDA:601,108,0,0
BRDA:601,108,1,0
BRDA:631,109,0,0
BRDA:631,109,1,0
BRDA:634,110,0,0
BRDA:634,110,1,0
BRDA:635,111,0,0
BRDA:635,111,1,0
BRDA:638,112,0,0
BRDA:638,112,1,0
BRDA:639,113,0,0
BRDA:639,113,1,0
BRDA:639,114,0,0
BRDA:639,114,1,0
BRDA:642,115,0,0
BRDA:642,115,1,0
BRDA:643,116,0,0
BRDA:643,116,1,0
BRDA:646,117,0,0
BRDA:646,117,1,0
BRDA:663,118,0,0
BRDA:663,118,1,0
BRDA:663,119,0,0
BRDA:663,119,1,0
BRDA:663,119,2,0
BRDA:668,120,0,0
BRDA:668,120,1,0
BRDA:668,121,0,0
BRDA:668,121,1,0
BRDA:673,122,0,0
BRDA:673,122,1,0
BRDA:673,123,0,0
BRDA:673,123,1,0
BRDA:673,123,2,0
BRDA:690,124,0,0
BRDA:690,124,1,0
BRDA:691,125,0,0
BRDA:691,125,1,0
BRDA:691,125,2,0
BRDA:692,126,0,0
BRDA:692,126,1,0
BRDA:692,126,2,0
BRDA:696,127,0,0
BRDA:696,127,1,0
BRDA:703,128,0,0
BRDA:703,128,1,0
BRDA:705,129,0,0
BRDA:705,129,1,0
BRDA:715,130,0,0
BRDA:715,130,1,0
BRDA:720,131,0,0
BRDA:720,131,1,0
BRDA:722,132,0,0
BRDA:722,132,1,0
BRDA:727,133,0,0
BRDA:727,133,1,0
BRDA:729,134,0,0
BRDA:729,134,1,0
BRDA:734,135,0,0
BRDA:734,135,1,0
BRDA:736,136,0,0
BRDA:736,136,1,0
BRDA:745,137,0,0
BRDA:745,137,1,0
BRDA:751,138,0,0
BRDA:751,138,1,0
BRDA:758,139,0,0
BRDA:758,139,1,0
BRDA:769,140,0,0
BRDA:773,141,0,0
BRDA:773,141,1,0
BRDA:773,142,0,0
BRDA:773,142,1,0
BRDA:779,143,0,0
BRDA:779,143,1,0
BRDA:779,144,0,0
BRDA:779,144,1,0
BRDA:788,145,0,0
BRDA:788,145,1,0
BRDA:790,146,0,0
BRDA:790,146,1,0
BRDA:790,146,2,0
BRDA:794,147,0,0
BRDA:794,147,1,0
BRDA:823,148,0,0
BRDA:823,148,1,0
BRDA:823,149,0,0
BRDA:823,149,1,0
BRDA:829,150,0,0
BRDA:829,150,1,0
BRDA:829,151,0,0
BRDA:829,151,1,0
BRDA:860,152,0,0
BRDA:860,152,1,0
BRDA:883,153,0,0
BRDA:883,153,1,0
BRDA:883,154,0,0
BRDA:883,154,1,0
BRDA:883,154,2,0
BRDA:890,155,0,0
BRDA:890,155,1,0
BRDA:890,156,0,0
BRDA:890,156,1,0
BRDA:893,157,0,0
BRDA:893,157,1,0
BRDA:911,158,0,0
BRDA:911,158,1,0
BRDA:917,159,0,0
BRDA:917,159,1,0
BRDA:960,160,0,0
BRDA:960,160,1,0
BRDA:960,161,0,0
BRDA:960,161,1,0
BRDA:960,161,2,0
BRDA:961,162,0,0
BRDA:961,162,1,0
BRDA:961,163,0,0
BRDA:961,163,1,0
BRDA:961,164,0,0
BRDA:961,164,1,0
BRDA:985,165,0,0
BRDA:985,165,1,0
BRDA:985,166,0,0
BRDA:985,166,1,0
BRDA:991,167,0,0
BRDA:991,167,1,0
BRDA:991,168,0,0
BRDA:991,168,1,0
BRDA:997,169,0,0
BRDA:997,169,1,0
BRDA:997,170,0,0
BRDA:997,170,1,0
BRDA:1023,171,0,0
BRDA:1023,171,1,0
BRDA:1023,172,0,0
BRDA:1023,172,1,0
BRDA:1040,173,0,0
BRDA:1040,173,1,0
BRDA:1060,174,0,0
BRDA:1060,174,1,0
BRDA:1070,175,0,0
BRDA:1070,175,1,0
BRDA:1075,176,0,0
BRDA:1075,176,1,0
BRDA:1075,177,0,0
BRDA:1075,177,1,0
BRDA:1081,178,0,0
BRDA:1081,178,1,0
BRDA:1081,179,0,0
BRDA:1081,179,1,0
BRDA:1092,180,0,0
BRDA:1092,180,1,0
BRDA:1092,181,0,0
BRDA:1092,181,1,0
BRDA:1092,181,2,0
BRDA:1093,182,0,0
BRDA:1093,182,1,0
BRDA:1093,183,0,0
BRDA:1093,183,1,0
BRDA:1093,184,0,0
BRDA:1093,184,1,0
BRDA:1093,185,0,0
BRDA:1093,185,1,0
BRDA:1093,186,0,0
BRDA:1093,186,1,0
BRDA:1093,187,0,0
BRDA:1093,187,1,0
BRDA:1109,188,0,0
BRDA:1109,188,1,0
BRDA:1131,189,0,0
BRDA:1131,189,1,0
BRDA:1131,190,0,0
BRDA:1131,190,1,0
BRDA:1131,190,2,0
BRDA:1138,191,0,0
BRDA:1138,191,1,0
BRDA:1138,192,0,0
BRDA:1138,192,1,0
BRDA:1141,193,0,0
BRDA:1141,193,1,0
BRDA:1155,194,0,0
BRDA:1155,194,1,0
BRDA:1161,195,0,0
BRDA:1161,195,1,0
BRDA:1162,196,0,0
BRDA:1162,196,1,0
BRDA:1164,197,0,0
BRDA:1164,197,1,0
BRDA:1188,198,0,0
BRDA:1188,198,1,0
BRDA:1206,199,0,0
BRDA:1206,199,1,0
BRDA:1207,200,0,0
BRDA:1207,200,1,0
BRDA:1208,201,0,0
BRDA:1208,201,1,0
BRDA:1211,202,0,0
BRDA:1211,202,1,0
BRDA:1211,203,0,0
BRDA:1211,203,1,0
BRDA:1211,203,2,0
BRDA:1219,204,0,0
BRDA:1219,204,1,0
BRDA:1219,205,0,0
BRDA:1219,205,1,0
BRDA:1219,205,2,0
BRDA:1227,206,0,0
BRDA:1227,206,1,0
BRDA:1227,207,0,0
BRDA:1227,207,1,0
BRDA:1227,207,2,0
BRDA:1241,208,0,0
BRDA:1241,208,1,0
BRDA:1249,209,0,0
BRDA:1249,209,1,0
BRDA:1249,210,0,0
BRDA:1249,210,1,0
BRDA:1263,211,0,0
BRDA:1263,211,1,0
BRDA:1269,212,0,0
BRDA:1269,212,1,0
BRDA:1269,213,0,0
BRDA:1269,213,1,0
BRDA:1275,214,0,0
BRDA:1275,214,1,0
BRDA:1276,215,0,0
BRDA:1276,215,1,0
BRDA:1276,216,0,0
BRDA:1276,216,1,0
BRDA:1288,217,0,0
BRDA:1288,217,1,0
BRDA:1292,218,0,0
BRDA:1292,218,1,0
BRDA:1298,219,0,0
BRDA:1298,219,1,0
BRDA:1302,220,0,0
BRDA:1302,220,1,0
BRDA:1308,221,0,0
BRDA:1308,221,1,0
BRDA:1313,222,0,0
BRDA:1313,222,1,0
BRDA:1319,223,0,0
BRDA:1319,223,1,0
BRDA:1325,224,0,0
BRDA:1325,224,1,0
BRDA:1335,225,0,0
BRDA:1335,225,1,0
BRDA:1343,226,0,0
BRDA:1343,226,1,0
BRDA:1344,227,0,0
BRDA:1344,227,1,0
BRDA:1345,228,0,0
BRDA:1345,228,1,0
BRDA:1347,229,0,0
BRDA:1347,229,1,0
BRDA:1348,230,0,0
BRDA:1348,230,1,0
BRDA:1348,231,0,0
BRDA:1348,231,1,0
BRDA:1356,232,0,0
BRDA:1356,232,1,0
BRDA:1376,233,0,0
BRDA:1376,233,1,0
BRDA:1382,234,0,0
BRDA:1382,234,1,0
BRDA:1393,235,0,0
BRDA:1393,235,1,0
BRDA:1393,236,0,0
BRDA:1393,236,1,0
BRDA:1393,237,0,0
BRDA:1393,237,1,0
BRDA:1400,238,0,0
BRDA:1400,238,1,0
BRDA:1400,239,0,0
BRDA:1400,239,1,0
BRDA:1400,240,0,0
BRDA:1400,240,1,0
BRDA:1407,241,0,0
BRDA:1407,241,1,0
BRDA:1409,242,0,0
BRDA:1409,242,1,0
BRDA:1414,243,0,0
BRDA:1414,243,1,0
BRDA:1419,244,0,0
BRDA:1419,244,1,0
BRDA:1424,245,0,0
BRDA:1424,245,1,0
BRDA:1426,246,0,0
BRDA:1426,246,1,0
BRDA:1431,247,0,0
BRDA:1431,247,1,0
BRDA:1437,248,0,0
BRDA:1437,248,1,0
BRDA:1438,249,0,0
BRDA:1438,249,1,0
BRDA:1443,250,0,0
BRDA:1443,250,1,0
BRDA:1445,251,0,0
BRDA:1445,251,1,0
BRDA:1450,252,0,0
BRDA:1450,252,1,0
BRDA:1455,253,0,0
BRDA:1455,253,1,0
BRDA:1460,254,0,0
BRDA:1460,254,1,0
BRDA:1462,255,0,0
BRDA:1462,255,1,0
BRDA:1467,256,0,0
BRDA:1467,256,1,0
BRDA:1472,257,0,0
BRDA:1472,257,1,0
BRDA:1480,258,0,0
BRDA:1480,258,1,0
BRDA:1480,259,0,0
BRDA:1480,259,1,0
BRDA:1480,260,0,0
BRDA:1480,260,1,0
BRDA:1480,261,0,0
BRDA:1480,261,1,0
BRDA:1483,262,0,0
BRDA:1483,262,1,0
BRDA:1493,263,0,0
BRDA:1493,263,1,0
BRDA:1494,264,0,0
BRDA:1494,264,1,0
BRDA:1495,265,0,0
BRDA:1495,265,1,0
BRDA:1496,266,0,0
BRDA:1496,266,1,0
BRDA:1497,267,0,0
BRDA:1497,267,1,0
BRDA:1498,268,0,0
BRDA:1498,268,1,0
BRDA:1499,269,0,0
BRDA:1499,269,1,0
BRDA:1500,270,0,0
BRDA:1500,270,1,0
BRDA:1501,271,0,0
BRDA:1501,271,1,0
BRDA:1502,272,0,0
BRDA:1502,272,1,0
BRDA:1513,273,0,0
BRDA:1513,273,1,0
BRDA:1539,274,0,0
BRDA:1539,274,1,0
BRDA:1564,275,0,0
BRDA:1564,275,1,0
BRDA:1564,276,0,0
BRDA:1564,276,1,0
BRDA:1567,277,0,0
BRDA:1567,277,1,0
BRDA:1567,278,0,0
BRDA:1567,278,1,0
BRDA:1579,279,0,0
BRDA:1579,279,1,0
BRDA:1579,279,2,0
BRDA:1608,280,0,0
BRDA:1608,280,1,0
BRDA:1608,281,0,0
BRDA:1608,281,1,0
BRDA:1626,282,0,0
BRDA:1626,282,1,0
BRDA:1626,282,2,0
BRDA:1631,283,0,0
BRDA:1631,283,1,0
BRDA:1642,284,0,0
BRDA:1642,284,1,0
BRDA:1642,284,2,0
BRDA:1642,284,3,0
BRDA:1643,285,0,0
BRDA:1643,285,1,0
BRDA:1647,286,0,0
BRDA:1647,286,1,0
BRDA:1654,287,0,0
BRDA:1654,287,1,0
BRDA:1657,288,0,0
BRDA:1657,288,1,0
BRDA:1664,289,0,0
BRDA:1664,289,1,0
BRDA:1664,289,2,0
BRDA:1664,289,3,0
BRDA:1664,289,4,0
BRDA:1688,290,0,0
BRDA:1688,290,1,0
BRDA:1702,291,0,0
BRDA:1702,291,1,0
BRDA:1722,292,0,0
BRDA:1722,292,1,0
BRDA:1728,293,0,0
BRDA:1728,293,1,0
BRDA:1731,294,0,0
BRDA:1731,294,1,0
BRDA:1737,295,0,0
BRDA:1737,295,1,0
BRDA:1747,296,0,0
BRDA:1747,296,1,0
BRDA:1747,297,0,0
BRDA:1747,297,1,0
BRDA:1747,297,2,0
BRDA:1748,298,0,0
BRDA:1748,298,1,0
BRDA:1748,298,2,0
BRDA:1756,299,0,0
BRDA:1756,299,1,0
BRDA:1756,300,0,0
BRDA:1756,300,1,0
BRDA:1813,301,0,0
BRDA:1813,301,1,0
BRDA:1840,302,0,0
BRDA:1840,302,1,0
BRDA:1841,303,0,0
BRDA:1841,303,1,0
BRDA:1850,304,0,0
BRDA:1850,304,1,0
BRDA:1853,305,0,0
BRDA:1853,305,1,0
BRDA:1853,306,0,0
BRDA:1853,306,1,0
BRDA:1872,307,0,0
BRDA:1872,307,1,0
BRDA:1879,308,0,0
BRDA:1879,308,1,0
BRDA:1896,309,0,0
BRDA:1896,309,1,0
BRDA:1896,310,0,0
BRDA:1896,310,1,0
BRDA:1901,311,0,0
BRDA:1901,311,1,0
BRDA:1901,312,0,0
BRDA:1901,312,1,0
BRDA:1904,313,0,0
BRDA:1904,313,1,0
BRDA:1904,314,0,0
BRDA:1904,314,1,0
BRDA:1907,315,0,0
BRDA:1907,315,1,0
BRDA:1907,316,0,0
BRDA:1907,316,1,0
BRDA:1910,317,0,0
BRDA:1910,317,1,0
BRDA:1910,318,0,0
BRDA:1910,318,1,0
BRDA:1913,319,0,0
BRDA:1913,319,1,0
BRDA:1913,320,0,0
BRDA:1913,320,1,0
BRDA:1916,321,0,0
BRDA:1916,321,1,0
BRDA:1916,322,0,0
BRDA:1916,322,1,0
BRDA:1924,323,0,0
BRDA:1924,323,1,0
BRDA:1928,324,0,0
BRDA:1928,324,1,0
BRDA:2008,325,0,0
BRDA:2008,325,1,0
BRDA:2019,326,0,0
BRDA:2019,326,1,0
BRDA:2019,326,2,0
BRDA:2019,326,3,0
BRDA:2024,327,0,0
BRDA:2024,327,1,0
BRDA:2053,328,0,0
BRDA:2053,328,1,0
BRDA:2058,329,0,0
BRDA:2058,329,1,0
[...]
DA:205,0
DA:207,0
DA:220,0
DA:221,0
DA:224,0
DA:225,0
DA:231,0
DA:233,0
DA:245,0
DA:246,0
DA:249,0
DA:250,0
DA:256,0
DA:259,0
DA:260,0
DA:264,0
DA:265,0
DA:270,0
DA:279,0
DA:280,0
DA:283,0
DA:284,0
DA:285,0
DA:292,0
DA:307,0
DA:310,0
DA:317,0
DA:318,0
DA:319,0
DA:320,0
DA:321,0
DA:322,0
DA:323,0
DA:324,0
DA:327,0
DA:328,0
DA:334,0
DA:339,0
DA:344,0
DA:345,0
DA:346,0
DA:351,0
DA:356,0
DA:361,0
DA:364,0
DA:365,0
DA:368,0
DA:369,0
DA:372,0
DA:373,0
LF:102
LH:0
BRDA:5,0,0,0
BRDA:5,0,1,0
BRDA:128,1,0,0
BRDA:128,1,1,0
BRDA:135,2,0,0
BRDA:142,3,0,0
BRDA:142,3,1,0
BRDA:145,4,0,0
BRDA:145,4,1,0
BRDA:147,5,0,0
BRDA:147,5,1,0
BRDA:152,6,0,0
BRDA:152,6,1,0
BRDA:169,7,0,0
BRDA:169,7,1,0
BRDA:181,8,0,0
BRDA:181,8,1,0
BRDA:186,9,0,0
BRDA:186,9,1,0
BRDA:186,10,0,0
BRDA:186,10,1,0
BRDA:192,11,0,0
BRDA:192,11,1,0
BRDA:197,12,0,0
BRDA:197,12,1,0
BRDA:197,13,0,0
BRDA:197,13,1,0
BRDA:204,14,0,0
BRDA:215,15,0,0
BRDA:215,15,1,0
BRDA:215,16,0,0
BRDA:215,16,1,0
BRDA:220,17,0,0
BRDA:220,17,1,0
BRDA:224,18,0,0
BRDA:224,18,1,0
BRDA:230,19,0,0
BRDA:240,20,0,0
BRDA:240,20,1,0
BRDA:240,21,0,0
BRDA:240,21,1,0
BRDA:245,22,0,0
BRDA:245,22,1,0
BRDA:249,23,0,0
BRDA:249,23,1,0
BRDA:256,24,0,0
BRDA:256,24,1,0
BRDA:259,25,0,0
BRDA:259,25,1,0
BRDA:264,26,0,0
BRDA:264,26,1,0
BRDA:284,27,0,0
BRDA:284,27,1,0
BRDA:310,28,0,0
BRDA:310,28,1,0
BRDA:317,29,0,0
BRDA:317,29,1,0
BRDA:317,29,2,0
BRDA:317,29,3,0
BRDA:317,29,4,0
BRDA:317,29,5,0
BRDA:317,29,6,0
BRDA:317,29,7,0
BRDA:317,29,8,0
BRDA:317,29,9,0
BRDA:317,29,10,0
BRDA:339,30,0,0
BRDA:339,30,1,0
BRF:68
BRH:0
end_of_record
TN:
SF:src\utils\fieldConverter.ts
FN:12,camelToSnake
FN:13,(anonymous_1)
FN:21,snakeToCamel
FN:22,(anonymous_3)
FN:31,convertToApiFormat
FN:37,(anonymous_5)
FN:46,(anonymous_6)
FN:53,(anonymous_7)
FN:70,convertFromApiFormat
FN:76,(anonymous_9)
FN:85,(anonymous_10)
FN:92,(anonymous_11)
FN:213,(anonymous_12)
FN:222,validateFieldNaming
FN:233,(anonymous_14)
FN:263,batchConvertFields
FN:270,(anonymous_16)
FNF:17
FNH:0
FNDA:0,camelToSnake
FNDA:0,(anonymous_1)
FNDA:0,snakeToCamel
FNDA:0,(anonymous_3)
FNDA:0,convertToApiFormat
FNDA:0,(anonymous_5)
FNDA:0,(anonymous_6)
FNDA:0,(anonymous_7)
FNDA:0,convertFromApiFormat
FNDA:0,(anonymous_9)
FNDA:0,(anonymous_10)
FNDA:0,(anonymous_11)
FNDA:0,(anonymous_12)
FNDA:0,validateFieldNaming
FNDA:0,(anonymous_14)
FNDA:0,batchConvertFields
FNDA:0,(anonymous_16)
DA:12,0
DA:13,0
DA:21,0
DA:22,0
DA:31,0
DA:32,0
DA:33,0
DA:36,0
DA:37,0
DA:40,0
DA:41,0
DA:44,0
DA:46,0
DA:48,0
DA:50,0
DA:51,0
DA:52,0
DA:53,0
DA:54,0
DA:57,0
DA:61,0
DA:70,0
DA:71,0
DA:72,0
DA:75,0
DA:76,0
DA:79,0
DA:80,0
DA:83,0
DA:85,0
DA:87,0
DA:89,0
DA:90,0
DA:91,0
DA:92,0
DA:93,0
DA:96,0
DA:100,0
DA:107,0
DA:212,0
DA:213,0
DA:222,0
DA:230,0
DA:231,0
DA:233,0
DA:234,0
DA:235,0
DA:237,0
DA:238,0
DA:239,0
DA:240,0
DA:242,0
DA:243,0
DA:244,0
DA:245,0
DA:250,0
DA:263,0
DA:267,0
DA:269,0
DA:270,0
DA:273,0
LF:61
LH:0
BRDA:32,0,0,0
BRDA:32,0,1,0
BRDA:32,1,0,0
BRDA:32,1,1,0
BRDA:36,2,0,0
BRDA:36,2,1,0
BRDA:40,3,0,0
BRDA:40,3,1,0
BRDA:40,4,0,0
BRDA:40,4,1,0
BRDA:48,5,0,0
BRDA:48,5,1,0
BRDA:50,6,0,0
BRDA:50,6,1,0
BRDA:50,7,0,0
BRDA:50,7,1,0
BRDA:50,7,2,0
BRDA:50,7,3,0
BRDA:52,8,0,0
BRDA:52,8,1,0
BRDA:54,9,0,0
BRDA:54,9,1,0
BRDA:54,10,0,0
BRDA:54,10,1,0
BRDA:54,10,2,0
BRDA:71,11,0,0
BRDA:71,11,1,0
BRDA:71,12,0,0
BRDA:71,12,1,0
BRDA:75,13,0,0
BRDA:75,13,1,0
BRDA:79,14,0,0
BRDA:79,14,1,0
BRDA:79,15,0,0
BRDA:79,15,1,0
BRDA:87,16,0,0
BRDA:87,16,1,0
BRDA:89,17,0,0
BRDA:89,17,1,0
BRDA:89,18,0,0
BRDA:89,18,1,0
BRDA:89,18,2,0
BRDA:89,18,3,0
BRDA:91,19,0,0
BRDA:91,19,1,0
BRDA:93,20,0,0
BRDA:93,20,1,0
BRDA:93,21,0,0
BRDA:93,21,1,0
BRDA:93,21,2,0
BRDA:237,22,0,0
BRDA:237,22,1,0
BRDA:237,23,0,0
BRDA:237,23,1,0
BRDA:239,24,0,0
BRDA:239,24,1,0
BRDA:242,25,0,0
BRDA:242,25,1,0
BRDA:242,26,0,0
BRDA:242,26,1,0
BRDA:244,27,0,0
BRDA:244,27,1,0
BRDA:267,28,0,0
BRDA:267,28,1,0
BRDA:269,29,0,0
BRDA:269,29,1,0
BRF:66
BRH:0
end_of_record
TN:
SF:src\utils\ipAutoSwitchManager.ts
FN:69,(anonymous_7)
FN:79,(anonymous_8)
FN:112,(anonymous_9)
FN:127,(anonymous_10)
FN:169,(anonymous_12)
FN:194,(anonymous_14)
FN:203,(anonymous_16)
FN:232,(anonymous_17)
FN:238,(anonymous_19)
FN:238,(anonymous_20)
FN:272,(anonymous_21)
FN:276,(anonymous_23)
FN:277,(anonymous_24)
FN:278,(anonymous_25)
FN:279,(anonymous_26)
FN:307,(anonymous_27)
FN:318,(anonymous_28)
FN:338,(anonymous_30)
FN:346,(anonymous_31)
FN:364,(anonymous_32)
FN:379,(anonymous_33)
FN:384,(anonymous_34)
FN:394,(anonymous_35)
FN:396,(anonymous_36)
FN:400,(anonymous_37)
FN:407,(anonymous_38)
FN:416,(anonymous_39)
FN:423,(anonymous_40)
FN:430,(anonymous_41)
FN:437,(anonymous_42)
FN:456,(anonymous_44)
FN:463,(anonymous_46)
FN:470,(anonymous_47)
FN:480,(anonymous_48)
FN:492,(anonymous_49)
FN:496,(anonymous_50)
FN:499,(anonymous_51)
FN:500,(anonymous_52)
FN:507,(anonymous_53)
FNF:39
FNH:0
FNDA:0,(anonymous_7)
FNDA:0,(anonymous_8)
FNDA:0,(anonymous_9)
FNDA:0,(anonymous_10)
FNDA:0,(anonymous_12)
FNDA:0,(anonymous_14)
FNDA:0,(anonymous_16)
FNDA:0,(anonymous_17)
FNDA:0,(anonymous_19)
FNDA:0,(anonymous_20)
FNDA:0,(anonymous_21)
FNDA:0,(anonymous_23)
FNDA:0,(anonymous_24)
FNDA:0,(anonymous_25)
FNDA:0,(anonymous_26)
FNDA:0,(anonymous_27)
FNDA:0,(anonymous_28)
FNDA:0,(anonymous_30)
FNDA:0,(anonymous_31)
FNDA:0,(anonymous_32)
FNDA:0,(anonymous_33)
FNDA:0,(anonymous_34)
FNDA:0,(anonymous_35)
FNDA:0,(anonymous_36)
FNDA:0,(anonymous_37)
FNDA:0,(anonymous_38)
FNDA:0,(anonymous_39)
FNDA:0,(anonymous_40)
FNDA:0,(anonymous_41)
FNDA:0,(anonymous_42)
FNDA:0,(anonymous_44)
FNDA:0,(anonymous_46)
FNDA:0,(anonymous_47)
FNDA:0,(anonymous_48)
FNDA:0,(anonymous_49)
FNDA:0,(anonymous_50)
FNDA:0,(anonymous_51)
FNDA:0,(anonymous_52)
FNDA:0,(anonymous_53)
DA:1,0
DA:51,0
DA:62,0
DA:63,0
DA:64,0
DA:66,0
DA:67,0
DA:70,0
DA:71,0
DA:72,0
DA:73,0
DA:81,0
DA:112,0
DA:113,0
DA:128,0
DA:130,0
DA:132,0
DA:133,0
DA:134,0
DA:136,0
DA:137,0
DA:142,0
DA:143,0
DA:145,0
DA:146,0
DA:151,0
DA:153,0
DA:160,0
DA:162,0
DA:170,0
DA:172,0
DA:176,0
DA:178,0
DA:180,0
DA:184,0
DA:186,0
DA:199,0
DA:201,0
DA:202,0
DA:203,0
DA:205,0
DA:211,0
DA:212,0
DA:214,0
DA:220,0
DA:221,0
DA:233,0
DA:235,0
DA:237,0
DA:238,0
DA:239,0
DA:242,0
DA:243,0
DA:244,0
DA:246,0
DA:247,0
DA:248,0
DA:250,0
DA:252,0
DA:253,0
DA:254,0
DA:257,0
DA:260,0
DA:263,0
DA:265,0
DA:273,0
DA:275,0
DA:276,0
DA:277,0
DA:278,0
DA:281,0
DA:283,0
DA:284,0
DA:287,0
DA:288,0
DA:292,0
DA:293,0
DA:297,0
DA:300,0
DA:302,0
DA:303,0
DA:304,0
DA:306,0
DA:307,0
DA:309,0
DA:310,0
DA:319,0
DA:320,0
DA:321,0
DA:325,0
DA:327,0
DA:331,0
DA:339,0
DA:340,0
DA:343,0
DA:346,0
DA:349,0
DA:350,0
DA:354,0
DA:366,0
DA:367,0
DA:370,0
DA:380,0
DA:381,0
DA:384,0
DA:385,0
DA:386,0
DA:396,0
DA:397,0
DA:400,0
DA:405,0
DA:406,0
DA:407,0
DA:408,0
DA:417,0
DA:424,0
DA:431,0
DA:438,0
DA:439,0
DA:440,0
DA:444,0
DA:445,0
DA:446,0
DA:447,0
DA:450,0
DA:457,0
DA:464,0
DA:471,0
DA:472,0
DA:473,0
DA:481,0
DA:484,0
DA:485,0
DA:493,0
DA:494,0
DA:496,0
DA:499,0
DA:500,0
DA:508,0
DA:509,0
DA:511,0
DA:516,0
DA:518,0
LF:143
LH:0
BRDA:130,0,0,0
BRDA:130,0,1,0
BRDA:130,0,2,0
BRDA:133,1,0,0
BRDA:133,1,1,0
BRDA:134,2,0,0
BRDA:134,2,1,0
BRDA:134,2,2,0
BRDA:134,2,3,0
BRDA:134,2,4,0
BRDA:134,2,5,0
BRDA:134,3,0,0
BRDA:134,3,1,0
BRDA:217,4,0,0
BRDA:217,4,1,0
BRDA:224,5,0,0
BRDA:224,5,1,0
BRDA:233,6,0,0
BRDA:233,6,1,0
BRDA:246,7,0,0
BRDA:246,7,1,0
BRDA:281,8,0,0
BRDA:281,8,1,0
BRDA:281,9,0,0
BRDA:281,9,1,0
BRDA:281,10,0,0
BRDA:281,10,1,0
BRDA:283,11,0,0
BRDA:283,11,1,0
BRDA:283,12,0,0
BRDA:283,12,1,0
BRDA:284,13,0,0
BRDA:284,13,1,0
BRDA:284,14,0,0
BRDA:284,14,1,0
BRDA:287,15,0,0
BRDA:287,15,1,0
BRDA:287,16,0,0
BRDA:287,16,1,0
BRDA:288,17,0,0
BRDA:288,17,1,0
BRDA:288,18,0,0
BRDA:288,18,1,0
BRDA:292,19,0,0
BRDA:292,19,1,0
BRDA:302,20,0,0
BRDA:302,20,1,0
BRDA:302,21,0,0
BRDA:302,21,1,0
BRDA:304,22,0,0
BRDA:304,22,1,0
BRDA:304,23,0,0
BRDA:304,23,1,0
BRDA:309,24,0,0
BRDA:309,24,1,0
BRDA:319,25,0,0
BRDA:319,25,1,0
BRDA:327,26,0,0
BRDA:327,26,1,0
BRDA:327,27,0,0
BRDA:327,27,1,0
BRDA:327,27,2,0
BRDA:338,28,0,0
BRDA:349,29,0,0
BRDA:349,29,1,0
BRDA:349,30,0,0
BRDA:349,30,1,0
BRDA:350,31,0,0
BRDA:350,31,1,0
BRDA:366,32,0,0
BRDA:366,32,1,0
BRDA:380,33,0,0
BRDA:380,33,1,0
BRDA:385,34,0,0
BRDA:385,34,1,0
BRDA:406,35,0,0
BRDA:406,35,1,0
BRDA:439,36,0,0
BRDA:439,36,1,0
BRDA:445,37,0,0
BRDA:445,37,1,0
BRDA:472,38,0,0
BRDA:472,38,1,0
BRDA:484,39,0,0
BRDA:484,39,1,0
BRDA:497,40,0,0
BRDA:497,40,1,0
BRDA:497,41,0,0
BRDA:497,41,1,0
BRDA:497,42,0,0
BRDA:497,42,1,0
BRDA:498,43,0,0
BRDA:498,43,1,0
BRDA:498,44,0,0
BRDA:498,44,1,0
BRDA:498,45,0,0
BRDA:498,45,1,0
BRDA:508,46,0,0
BRDA:508,46,1,0
BRF:99
BRH:0
end_of_record
TN:
SF:src\utils\networkAdaptation.ts
FN:97,(anonymous_0)
FN:105,(anonymous_1)
FN:128,(anonymous_2)
FN:156,(anonymous_3)
FN:163,(anonymous_4)
FN:170,(anonymous_5)
FN:174,(anonymous_6)
FN:185,(anonymous_7)
FN:186,(anonymous_8)
FN:198,(anonymous_9)
FN:204,(anonymous_10)
FN:214,(anonymous_11)
FN:215,(anonymous_12)
FN:239,(anonymous_13)
FN:254,(anonymous_14)
FN:288,(anonymous_15)
FN:299,(anonymous_16)
FN:314,(anonymous_17)
FN:326,(anonymous_18)
FN:333,(anonymous_19)
FN:344,(anonymous_20)
FN:350,(anonymous_21)
FNF:22
FNH:0
FNDA:0,(anonymous_0)
FNDA:0,(anonymous_1)
FNDA:0,(anonymous_2)
FNDA:0,(anonymous_3)
FNDA:0,(anonymous_4)
FNDA:0,(anonymous_5)
FNDA:0,(anonymous_6)
FNDA:0,(anonymous_7)
FNDA:0,(anonymous_8)
FNDA:0,(anonymous_9)
FNDA:0,(anonymous_10)
FNDA:0,(anonymous_11)
FNDA:0,(anonymous_12)
FNDA:0,(anonymous_13)
FNDA:0,(anonymous_14)
FNDA:0,(anonymous_15)
FNDA:0,(anonymous_16)
FNDA:0,(anonymous_17)
FNDA:0,(anonymous_18)
FNDA:0,(anonymous_19)
FNDA:0,(anonymous_20)
FNDA:0,(anonymous_21)
DA:23,0
DA:75,0
DA:93,0
DA:94,0
DA:95,0
DA:98,0
DA:99,0
DA:106,0
DA:107,0
DA:110,0
DA:111,0
DA:114,0
DA:115,0
DA:118,0
DA:119,0
DA:122,0
DA:129,0
DA:131,0
DA:133,0
DA:134,0
DA:137,0
DA:143,0
DA:144,0
DA:147,0
DA:148,0
DA:150,0
DA:157,0
DA:164,0
DA:171,0
DA:174,0
DA:175,0
DA:176,0
DA:177,0
DA:186,0
DA:187,0
DA:188,0
DA:190,0
DA:203,0
DA:204,0
DA:206,0
DA:207,0
DA:214,0
DA:215,0
DA:217,0
DA:218,0
DA:221,0
DA:222,0
DA:223,0
DA:224,0
DA:226,0
DA:229,0
DA:240,0
DA:241,0
DA:242,0
DA:243,0
DA:244,0
DA:245,0
DA:246,0
DA:255,0
DA:256,0
DA:259,0
DA:261,0
DA:267,0
DA:268,0
DA:270,0
DA:276,0
DA:279,0
DA:282,0
DA:289,0
DA:290,0
DA:292,0
DA:300,0
DA:301,0
DA:302,0
DA:303,0
DA:306,0
DA:307,0
DA:315,0
DA:316,0
DA:317,0
DA:318,0
DA:319,0
DA:320,0
DA:332,0
DA:333,0
DA:335,0
DA:343,0
DA:344,0
DA:345,0
DA:346,0
DA:349,0
DA:351,0
DA:355,0
DA:365,0
DA:369,0
LF:95
LH:0
BRDA:105,0,0,0
BRDA:110,1,0,0
BRDA:110,1,1,0
BRDA:110,2,0,0
BRDA:110,2,1,0
BRDA:114,3,0,0
BRDA:114,3,1,0
BRDA:114,4,0,0
BRDA:114,4,1,0
BRDA:118,5,0,0
BRDA:118,5,1,0
BRDA:118,6,0,0
BRDA:118,6,1,0
BRDA:129,7,0,0
BRDA:129,7,1,0
BRDA:143,8,0,0
BRDA:143,8,1,0
BRDA:176,9,0,0
BRDA:176,9,1,0
BRDA:198,10,0,0
BRDA:206,11,0,0
BRDA:206,11,1,0
BRDA:221,12,0,0
BRDA:221,12,1,0
BRDA:223,13,0,0
BRDA:223,13,1,0
BRDA:240,14,0,0
BRDA:240,14,1,0
BRDA:240,14,2,0
BRDA:240,14,3,0
BRDA:240,14,4,0
BRDA:240,14,5,0
BRDA:259,15,0,0
BRDA:259,15,1,0
BRDA:268,16,0,0
BRDA:268,16,1,0
BRDA:302,17,0,0
BRDA:302,17,1,0
BRDA:351,18,0,0
BRDA:351,18,1,0
BRDA:358,19,0,0
BRDA:358,19,1,0
BRF:42
BRH:0
end_of_record
TN:
SF:src\utils\networkTest.ts
FN:16,testApiConnectivity
FN:24,(anonymous_9)
FN:89,testMultipleApis
FN:93,(anonymous_12)
FN:103,getNetworkDiagnostics
FN:140,getNetworkTroubleshootingTips
FN:143,(anonymous_15)
FN:144,(anonymous_16)
FN:159,(anonymous_17)
FN:160,(anonymous_18)
FN:161,(anonymous_19)
FNF:11
FNH:0
FNDA:0,testApiConnectivity
FNDA:0,(anonymous_9)
FNDA:0,testMultipleApis
FNDA:0,(anonymous_12)
FNDA:0,getNetworkDiagnostics
FNDA:0,getNetworkTroubleshootingTips
FNDA:0,(anonymous_15)
FNDA:0,(anonymous_16)
FNDA:0,(anonymous_17)
FNDA:0,(anonymous_18)
FNDA:0,(anonymous_19)
DA:16,0
DA:17,0
DA:19,0
DA:20,0
DA:23,0
DA:24,0
DA:26,0
DA:34,0
DA:36,0
DA:37,0
DA:38,0
DA:39,0
DA:50,0
DA:51,0
DA:62,0
DA:64,0
DA:65,0
DA:66,0
DA:67,0
DA:68,0
DA:69,0
DA:70,0
DA:73,0
DA:89,0
DA:90,0
DA:92,0
DA:93,0
DA:96,0
DA:97,0
DA:103,0
DA:104,0
DA:133,0
DA:134,0
DA:140,0
DA:141,0
DA:143,0
DA:144,0
DA:146,0
DA:147,0
DA:148,0
DA:149,0
DA:150,0
DA:151,0
DA:152,0
DA:153,0
DA:154,0
DA:155,0
DA:159,0
DA:160,0
DA:161,0
DA:163,0
DA:164,0
DA:165,0
DA:166,0
DA:167,0
DA:170,0
DA:171,0
DA:172,0
DA:173,0
DA:176,0
DA:177,0
DA:178,0
DA:179,0
DA:180,0
DA:183,0
LF:65
LH:0
BRDA:36,0,0,0
BRDA:36,0,1,0
BRDA:65,1,0,0
BRDA:65,1,1,0
BRDA:67,2,0,0
BRDA:67,2,1,0
BRDA:69,3,0,0
BRDA:69,3,1,0
BRDA:110,4,0,0
BRDA:110,4,1,0
BRDA:110,4,2,0
BRDA:146,5,0,0
BRDA:146,5,1,0
BRDA:153,6,0,0
BRDA:153,6,1,0
BRDA:163,7,0,0
BRDA:163,7,1,0
BRDA:170,8,0,0
BRDA:170,8,1,0
BRDA:176,9,0,0
BRDA:176,9,1,0
BRF:21
BRH:0
end_of_record
TN:
SF:src\utils\offlineCache.ts
FN:57,(anonymous_7)
FN:76,(anonymous_8)
FN:102,(anonymous_9)
FN:124,(anonymous_10)
FN:159,(anonymous_11)
FN:179,(anonymous_12)
FN:187,(anonymous_13)
FN:198,(anonymous_14)
FN:208,(anonymous_15)
FN:227,(anonymous_16)
FN:232,(anonymous_17)
FN:242,(anonymous_18)
FN:259,(anonymous_20)
FN:272,(anonymous_21)
FN:308,(anonymous_22)
FN:364,(anonymous_24)
FN:372,(anonymous_25)
FN:391,(anonymous_26)
FN:393,(anonymous_27)
FN:407,(anonymous_28)
FN:414,(anonymous_29)
FN:417,(anonymous_30)
FN:424,(anonymous_31)
FN:425,(anonymous_32)
FN:430,(anonymous_33)
FN:432,(anonymous_34)
FN:451,(anonymous_35)
FN:465,(anonymous_37)
FNF:28
FNH:0
FNDA:0,(anonymous_7)
FNDA:0,(anonymous_8)
FNDA:0,(anonymous_9)
FNDA:0,(anonymous_10)
FNDA:0,(anonymous_11)
FNDA:0,(anonymous_12)
FNDA:0,(anonymous_13)
FNDA:0,(anonymous_14)
FNDA:0,(anonymous_15)
FNDA:0,(anonymous_16)
FNDA:0,(anonymous_17)
FNDA:0,(anonymous_18)
FNDA:0,(anonymous_20)
FNDA:0,(anonymous_21)
FNDA:0,(anonymous_22)
FNDA:0,(anonymous_24)
FNDA:0,(anonymous_25)
FNDA:0,(anonymous_26)
FNDA:0,(anonymous_27)
FNDA:0,(anonymous_28)
FNDA:0,(anonymous_29)
FNDA:0,(anonymous_30)
FNDA:0,(anonymous_31)
FNDA:0,(anonymous_32)
FNDA:0,(anonymous_33)
FNDA:0,(anonymous_34)
FNDA:0,(anonymous_35)
FNDA:0,(anonymous_37)
DA:6,0
DA:52,0
DA:53,0
DA:54,0
DA:55,0
DA:58,0
DA:66,0
DA:67,0
DA:69,0
DA:70,0
DA:77,0
DA:79,0
DA:80,0
DA:81,0
DA:82,0
DA:83,0
DA:87,0
DA:88,0
DA:89,0
DA:90,0
DA:93,0
DA:94,0
DA:95,0
DA:103,0
DA:105,0
DA:106,0
DA:109,0
DA:111,0
DA:114,0
DA:115,0
DA:116,0
DA:129,0
DA:130,0
DA:141,0
DA:144,0
DA:145,0
DA:148,0
DA:150,0
DA:160,0
DA:162,0
DA:163,0
DA:167,0
DA:168,0
DA:169,0
DA:170,0
DA:173,0
DA:180,0
DA:181,0
DA:188,0
DA:189,0
DA:190,0
DA:192,0
DA:199,0
DA:200,0
DA:201,0
DA:202,0
DA:209,0
DA:215,0
DA:216,0
DA:218,0
DA:228,0
DA:229,0
DA:232,0
DA:233,0
DA:234,0
DA:243,0
DA:244,0
DA:247,0
DA:248,0
DA:250,0
DA:251,0
DA:253,0
DA:254,0
DA:255,0
DA:256,0
DA:259,0
DA:260,0
DA:261,0
DA:264,0
DA:265,0
DA:268,0
DA:271,0
DA:272,0
DA:273,0
DA:274,0
DA:278,0
DA:279,0
DA:280,0
DA:286,0
DA:287,0
DA:290,0
DA:291,0
DA:297,0
DA:298,0
DA:309,0
DA:313,0
DA:315,0
DA:323,0
DA:326,0
DA:334,0
DA:337,0
DA:343,0
DA:346,0
DA:349,0
DA:350,0
DA:354,0
DA:355,0
DA:356,0
DA:357,0
DA:365,0
DA:366,0
DA:373,0
DA:375,0
DA:376,0
DA:377,0
DA:378,0
DA:382,0
DA:383,0
DA:384,0
DA:392,0
DA:393,0
DA:395,0
DA:397,0
DA:398,0
DA:401,0
DA:408,0
DA:415,0
DA:416,0
DA:417,0
DA:419,0
DA:422,0
DA:424,0
DA:425,0
DA:429,0
DA:430,0
DA:431,0
DA:432,0
DA:434,0
DA:438,0
DA:452,0
DA:453,0
DA:455,0
DA:466,0
DA:467,0
DA:468,0
DA:471,0
DA:472,0
DA:477,0
DA:481,0
LF:149
LH:0
BRDA:57,0,0,0
BRDA:80,1,0,0
BRDA:80,1,1,0
BRDA:88,2,0,0
BRDA:88,2,1,0
BRDA:114,3,0,0
BRDA:114,3,1,0
BRDA:124,4,0,0
BRDA:134,5,0,0
BRDA:134,5,1,0
BRDA:136,6,0,0
BRDA:136,6,1,0
BRDA:137,7,0,0
BRDA:137,7,1,0
BRDA:144,8,0,0
BRDA:144,8,1,0
BRDA:162,9,0,0
BRDA:162,9,1,0
BRDA:167,10,0,0
BRDA:167,10,1,0
BRDA:181,11,0,0
BRDA:181,11,1,0
BRDA:189,12,0,0
BRDA:189,12,1,0
BRDA:228,13,0,0
BRDA:228,13,1,0
BRDA:233,14,0,0
BRDA:233,14,1,0
BRDA:233,15,0,0
BRDA:233,15,1,0
BRDA:243,16,0,0
BRDA:243,16,1,0
BRDA:243,17,0,0
BRDA:243,17,1,0
BRDA:260,18,0,0
BRDA:260,18,1,0
BRDA:271,19,0,0
BRDA:271,19,1,0
BRDA:273,20,0,0
BRDA:273,20,1,0
BRDA:279,21,0,0
BRDA:279,21,1,0
BRDA:290,22,0,0
BRDA:290,22,1,0
BRDA:297,23,0,0
BRDA:297,23,1,0
BRDA:313,24,0,0
BRDA:313,24,1,0
BRDA:313,24,2,0
BRDA:313,24,3,0
BRDA:349,25,0,0
BRDA:349,25,1,0
BRDA:355,26,0,0
BRDA:355,26,1,0
BRDA:365,27,0,0
BRDA:365,27,1,0
BRDA:376,28,0,0
BRDA:376,28,1,0
BRDA:382,29,0,0
BRDA:382,29,1,0
BRDA:397,30,0,0
BRDA:397,30,1,0
BRDA:434,31,0,0
BRDA:434,31,1,0
BRDA:452,32,0,0
BRDA:452,32,1,0
BRDA:466,33,0,0
BRDA:466,33,1,0
BRF:68
BRH:0
end_of_record
TN:
SF:src\utils\offlineDataManager.ts
FN:49,(anonymous_7)
FN:57,(anonymous_8)
FN:59,(anonymous_9)
FN:64,(anonymous_10)
FN:69,(anonymous_11)
FN:77,(anonymous_12)
FN:82,(anonymous_13)
FN:94,(anonymous_14)
FN:106,(anonymous_15)
FN:142,(anonymous_16)
FN:153,(anonymous_17)
FN:155,(anonymous_18)
FN:167,(anonymous_19)
FN:169,(anonymous_20)
FN:174,(anonymous_21)
FN:183,(anonymous_22)
FN:184,(anonymous_23)
FN:191,(anonymous_24)
FN:210,(anonymous_26)
FN:228,(anonymous_27)
FN:241,(anonymous_28)
FN:261,(anonymous_30)
FN:284,(anonymous_32)
FN:296,(anonymous_33)
FN:305,(anonymous_35)
FN:306,(anonymous_36)
FN:332,(anonymous_37)
FN:348,(anonymous_38)
FN:355,(anonymous_39)
FN:359,(anonymous_40)
FN:362,(anonymous_41)
FN:368,(anonymous_42)
FN:375,(anonymous_43)
FN:385,(anonymous_44)
FN:393,(anonymous_45)
FN:400,(anonymous_47)
FN:407,(anonymous_48)
FNF:37
FNH:0
FNDA:0,(anonymous_7)
FNDA:0,(anonymous_8)
FNDA:0,(anonymous_9)
FNDA:0,(anonymous_10)
FNDA:0,(anonymous_11)
FNDA:0,(anonymous_12)
FNDA:0,(anonymous_13)
FNDA:0,(anonymous_14)
FNDA:0,(anonymous_15)
FNDA:0,(anonymous_16)
FNDA:0,(anonymous_17)
FNDA:0,(anonymous_18)
FNDA:0,(anonymous_19)
FNDA:0,(anonymous_20)
FNDA:0,(anonymous_21)
FNDA:0,(anonymous_22)
FNDA:0,(anonymous_23)
FNDA:0,(anonymous_24)
FNDA:0,(anonymous_26)
FNDA:0,(anonymous_27)
FNDA:0,(anonymous_28)
FNDA:0,(anonymous_30)
FNDA:0,(anonymous_32)
FNDA:0,(anonymous_33)
FNDA:0,(anonymous_35)
FNDA:0,(anonymous_36)
FNDA:0,(anonymous_37)
FNDA:0,(anonymous_38)
FNDA:0,(anonymous_39)
FNDA:0,(anonymous_40)
FNDA:0,(anonymous_41)
FNDA:0,(anonymous_42)
FNDA:0,(anonymous_43)
FNDA:0,(anonymous_44)
FNDA:0,(anonymous_45)
FNDA:0,(anonymous_47)
FNDA:0,(anonymous_48)
DA:2,0
DA:43,0
DA:44,0
DA:45,0
DA:46,0
DA:47,0
DA:50,0
DA:51,0
DA:59,0
DA:60,0
DA:64,0
DA:65,0
DA:69,0
DA:70,0
DA:78,0
DA:79,0
DA:80,0
DA:81,0
DA:82,0
DA:83,0
DA:87,0
DA:95,0
DA:96,0
DA:97,0
DA:99,0
DA:116,0
DA:117,0
DA:129,0
DA:130,0
DA:131,0
DA:134,0
DA:136,0
DA:143,0
DA:144,0
DA:145,0
DA:147,0
DA:154,0
DA:157,0
DA:158,0
DA:159,0
DA:160,0
DA:168,0
DA:169,0
DA:170,0
DA:171,0
DA:174,0
DA:175,0
DA:176,0
DA:179,0
DA:183,0
DA:184,0
DA:192,0
DA:193,0
DA:196,0
DA:197,0
DA:200,0
DA:201,0
DA:202,0
DA:204,0
DA:205,0
DA:206,0
DA:207,0
DA:210,0
DA:212,0
DA:213,0
DA:216,0
DA:217,0
DA:219,0
DA:220,0
DA:228,0
DA:231,0
DA:232,0
DA:235,0
DA:242,0
DA:243,0
DA:244,0
DA:250,0
DA:262,0
DA:264,0
DA:272,0
DA:274,0
DA:275,0
DA:278,0
DA:285,0
DA:286,0
DA:287,0
DA:288,0
DA:289,0
DA:297,0
DA:299,0
DA:303,0
DA:304,0
DA:305,0
DA:306,0
DA:308,0
DA:309,0
DA:315,0
DA:316,0
DA:322,0
DA:333,0
DA:339,0
DA:349,0
DA:356,0
DA:358,0
DA:359,0
DA:361,0
DA:362,0
DA:369,0
DA:376,0
DA:377,0
DA:378,0
DA:386,0
DA:387,0
DA:394,0
DA:401,0
DA:408,0
DA:413,0
DA:416,0
LF:118
LH:0
BRDA:80,0,0,0
BRDA:80,0,1,0
BRDA:110,1,0,0
BRDA:124,2,0,0
BRDA:124,2,1,0
BRDA:125,3,0,0
BRDA:125,3,1,0
BRDA:144,4,0,0
BRDA:144,4,1,0
BRDA:159,5,0,0
BRDA:159,5,1,0
BRDA:170,6,0,0
BRDA:170,6,1,0
BRDA:175,7,0,0
BRDA:175,7,1,0
BRDA:183,8,0,0
BRDA:183,8,1,0
BRDA:184,9,0,0
BRDA:184,9,1,0
BRDA:192,10,0,0
BRDA:192,10,1,0
BRDA:196,11,0,0
BRDA:196,11,1,0
BRDA:212,12,0,0
BRDA:212,12,1,0
BRDA:217,13,0,0
BRDA:217,13,1,0
BRDA:220,14,0,0
BRDA:220,14,1,0
BRDA:220,15,0,0
BRDA:220,15,1,0
BRDA:220,16,0,0
BRDA:220,16,1,0
BRDA:253,17,0,0
BRDA:253,17,1,0
BRDA:269,18,0,0
BRDA:269,18,1,0
BRDA:274,19,0,0
BRDA:274,19,1,0
BRDA:285,20,0,0
BRDA:285,20,1,0
BRDA:285,20,2,0
BRDA:285,20,3,0
BRDA:297,21,0,0
BRDA:297,21,1,0
BRDA:308,22,0,0
BRDA:308,22,1,0
BRDA:310,23,0,0
BRDA:310,23,1,0
BRDA:315,24,0,0
BRDA:315,24,1,0
BRDA:315,25,0,0
BRDA:315,25,1,0
BRDA:323,26,0,0
BRDA:323,26,1,0
BRDA:340,27,0,0
BRDA:340,27,1,0
BRDA:340,28,0,0
BRDA:340,28,1,0
BRDA:340,29,0,0
BRDA:340,29,1,0
BRDA:356,30,0,0
BRDA:356,30,1,0
BRDA:377,31,0,0
BRDA:377,31,1,0
BRF:65
BRH:0
end_of_record
